02C7 75389
02CA 113462
02CB 144296
02CD 2
02D9 297045	ÅE
2027 1
2160 2
2161 2
2162 3
2163 4
2164 2
2165 1
2166 4
2167 1
2169 5
301E 1
3105 25024
3106 9847 
3107 18109
3108 16141
3109 26252
310A 18642
310B 8025
310C 27144
310D 21038
310E 8702 
310F 22559
3110 32470
3111 17195
3112 26923
3113 24443
3114 16458
3115 28821
3116 9417 
3117 13037
3118 7096
3119 10264
311A 25657
311B 17188
311C 15679
311D 13665
311E 15055
311F 19960
3120 28384
3121 21139
3122 56903
3123 33938
3124 27341
3125 49386
3126 4514
3127 4
3128 109061
3129 26730
33A1 3
4E0C 5
4E0F 6
4E1F 684
4E2B 470
4E2E 4
4E30 152
4E33 3
4E48 186
4E52 39
4E53 39
4E5C 40
4E69 48
4E8D 16
4E93 5
4EB9 72
4EC3 48
4EC9 4
4EDA 2
4EE1 33
4EE8 6
4EF3 23
4EF5 31
4EFD 252
4EFF 484
4F00 4
4F08 22
4F0B 20
4F13 2
4F15 19
4F18 5
4F19 298
4F3B 1
4F3E 13
4F41 7
4F48 107
4F49 6
4F4C 12
4F52 9
4F54 85
4F56 3
4F58 11
4F5F 16
4F60 12647
4F63 72
4F64 23
4F67 10
4F6A 18
4F6C 41
4F74 7
4F77 12
4F78 4
4F79 38
4F7A 65
4F7D 9
4F7E 97
4F80 2
4F81 14
4F82 14
4F84 34
4F87 4
4F89 17
4F90 6
4F94 55
4F97 83
4F9A 6
4F9C 11
4F9E 3
4FB2 10
4FB7 44
4FB9 14
4FBB 20
4FC0 1
4FC1 14
4FC5 43
4FC7 15
4FCD 5
4FCF 313
4FD9 1
4FDC 12
4FDE 214
4FE0 724
4FF1 1210	ã‰
4FF4 9
5000 33
500C 64
5013 6
5015 69
5017 4
5018 422
501B 8
501C 49
501E 64
5020 5
5022 31
5027 5
5033 4
503C 1573	íl
5041 94
504A 11
504B 5
504C 54
504D 3
504E 117
5053 110
505D 9
505E 1
505F 9
5060 7
5062 28
5069 6
506A 48
506B 3
506D 5
506F 5
5070 10
5077 1213	ò˜
507A 20
5083 6
508C 8
508E 4
5092 54
5094 12
5095 41
5096 43
509B 1
509C 47
509E 14
50A2 98
50A3 21
50AE 1
50AF 20
50B1 8
50BA 22
50BB 250
50C1 1
50C4 15
50C6 8
50C7 30
50C8 8
50CE 4
50D3 6
50D4 5
50D7 14
50DB 15
50DD 31
50E4 8
50E6 19
50E8 32
50E9 11
50EA 5
50EC 26
50F0 17
50F1 205
50F3 4
50F6 13
50FD 26
50FE 8
50FF 4
5103 26
5105 2
5106 52
5107 22
5108 39
510B 50
510C 9
5110 49
5113 9
5117 31
511C 18
5122 2
5124 11
5125 7
5126 14
5129 4
512D 8
5131 6
5133 16
5134 3
5135 25
5138 32
5139 26
513D 3
5155 59
5157 81
515D 2
5167 10717	ì‡
5194 3
5198 19
519E 6
51BC 7
51C8 1
51CA 13
51D4 3
51D8 5
51F3 158
5201 346
5209 7
520C 3
5212 119
5213 22
5216 55
521C 5
5228 61
5231 2
5232 9
5235 4
5241 50
5249 28
524E 148
5252 3
5255 10
525A 11
525C 44
525D 603
525F 8
5261 55
526B 3
526C 1
526D 3
526E 56
5277 68
5278 12
527A 10
5280 6
5281 6
5282 15
5284 112
528A 20
528C 23
5293 36
5296 9
5298 13
5299 4
52A6 3
52BB 7
52D6 29
52DB 427
52E9 12
52F0 835
52F1 7
52F7 11
52FB 240
530A 7
530B 8
5312 2
531C 13
531F 5
532D 22
5330 1
5334 4
533C 14
533D 22
533E 118
534C 3
5361 724
5363 8
536C 99
5372 6
5379 84
537C 8
538A 7
538E 11
538F 7
5394 13
5399 2
539C 6
539D 90
539E 3
53A4 10
53B2 1048
53B4 5
53B9 11
53E6 1112
53F5 81
53FC 16
5406 76
5412 130
541E 881
5424 1
5427 466
542A 12
5430 10
5431 66
5433 3684	å‡
5435 457
5437 16
5443 17
5454 3
5462 1088
5464 3
5465 10
5466 34
546B 24
5472 17
5474 38
5478 33
547A 9
547E 4
547F 9
5482 59
5487 26
5488 27
548D 45
5495 205
5496 104
549A 88
54A1 14
54A6 9
54A7 101
54A9 5
54AA 35
54AD 53
54AE 9
54B1 750
54B6 3
54B7 26
54BA 5
54BB 38
54BF 97
54C3 4
54C5 6
54C6 41
54CE 78
54CF 64
54D6 8
54E4 8
54E7 22
54EA 154
54EB 11
54F1 10
54F3 13
54F7 3
54FC 91
54FF 11
5501 61
5505 19
5508 15
5509 32
5511 3
5517 3
551A 19
5526 5
5527 220
552A 16
552C 63
5532 20
5535 21
5536 35
5537 24
553B 2
553C 43
5541 33
5543 55
5548 2
554A 199
554D 20
554E 6
5550 37
5551 20
5552 1
5555 39
555E 396
555F 1268	å[
5561 120
5562 2
5564 42
5565 24
5566 118
556A 31
5575 10
5576 9
5577 23
557D 11
5581 64
5582 32
5588 80
558C 11
558D 7
558E 7
558F 72
5591 45
5592 85
5593 24
5594 100
55A2 2
55A3 22
55A4 16
55A6 16
55AD 14
55B1 4
55B2 72
55B3 107
55B5 10
55BB 14377	ög
55C0 4
55C3 12
55C6 28
55C8 8
55C9 13
55CA 10
55CB 4
55CC 11
55CD 3
55CE 373
55CF 6
55D0 18
55D1 54
55D2 45
55D3 154
55D6 6
55D9 4
55DB 41
55DD 32
55E1 19
55E2 17
55E5 28
55E6 84
55E8 25
55E9 30
55EF 5
55F2 7
55F6 26
55FA 1
55FC 11
55FF 3
5600 26
5601 22
5602 1
5604 4
5608 173
560C 13
560D 89
560E 79
560F 61
5610 11
5612 24
5613 38
5615 11
561C 1
561F 103
5627 8
562C 20
562E 84
5630 55
5633 1
5635 30
5639 57
563B 146
563D 24
563F 63
5640 24
5641 42
5645 7
5646 15
5649 4
5653 146
5657 27
5658 20
5659 15
565A 4
565E 10
5660 23
5662 16
5663 11
5665 88
5666 34
5669 69
566D 34
566F 56
5670 14
5671 32
5672 87
5673 3
5676 84
5677 1
5679 168
5681 2
5682 1
5683 7
5684 26
5685 40
568C 37
568E 73
5690 75
5693 6
5695 100
5697 4
5698 16
5699 20
569A 24
569C 16
56A6 30
56A7 3
56A8 74
56AB 3
56AC 23
56AD 21
56B2 33
56B3 25
56B5 6
56B7 196
56BE 17
56C5 8
56C9 255
56CA 1137	îX
56CB 13
56CC 27
56D4 27
56DD 16
56DF 14
56E1 12
56E4 67
56E7 13
56EA 29
56EB 39
56F7 56
5702 20
5707 39
570A 13
570C 4
5714 1
571B 5
571E 17
5720 12
5729 21
572A 3
572C 27
572E 49
572F 42
5733 24
573E 118
5741 3
5745 1
574C 36
574D 58
5768 24
576B 26
576D 1
576F 73
5770 35
5771 22
5773 38
5775 11
5776 9
5777 58
577B 25
577C 55
5783 110
578C 7
5794 4
5795 6
5797 4
579A 3
579B 90
579D 8
579E 7
57AE 41
57B8 7
57BA 5
57BF 1
57C2 32
57C7 1
57CC 9
57CF 33
57D5 16
57E1 1
57E4 58
57E7 3
57ED 19
57F0 1
57F3 10
57F5 10
57F6 41
57F8 34
57FB 6
57FD 5
5801 14
5804 13
5807 24
5809 4
580D 7
5810 3
581E 31
5820 32
5825 9
5827 10
5828 4
5829 5
582D 2
582E 7
5832 6
5836 11
5837 2
5848 13
5849 6
584C 279
584D 11
584F 19
5853 4
5855 9
5864 9
5868 3
586D 10
587A 5
587C 1
587D 6
587F 10
5880 68
5881 12
5886 7
5887 1
5889 55
588A 375
588B 1
5890 31
5898 7
589D 6
589E 1653	ëù
58A0 15
58A1 10
58A3 5
58A6 15
58A9 128
58AC 33
58AF 19
58B1 8
58BC 11
58C8 12
58CE 37
58D2 2
58D4 1
58D6 9
58DA 38
58DD 10
58E2 14
58E9 102
58F4 3
5903 4
590D 6
5914 191
5920 665
5924 56
592F 100
5945 7
5953 30
5961 15
596B 6
596D 42
5970 8
5976 964
5979 1589
597C 38
598E 3
5990 7
5992 297
5997 22
5998 2
599E 34
59A0 3
59A2 6
59A4 31
59AE 62
59AF 29
59B3 53
59BA 5
59C1 17
59CA 572
59CC 9
59CD 46
59CE 1
59CF 11
59D2 63
59D8 34
59DD 68
59DE 12
59E3 83
59E4 13
59EC 442
59EE 20
59F1 30
59FA 2
59FD 8
5A00 10
5A0C 27
5A13 53
5A16 12
5A19 7
5A1B 342
5A23 43
5A2D 12
5A38 4
5A4A 24
5A50 9
5A51 7
5A53 8
5A55 30
5A57 8
5A5E 11
5A60 6
5A65 7
5A67 5
5A6D 38
5A77 75
5A7A 49
5A7C 13
5A90 4
5A94 7
5A95 14
5A9E 10
5A9F 38
5AA2 9
5AA5 5
5AA6 10
5AA7 36
5AAC 6
5AAE 23
5AAF 27
5AB1 4
5AB2 29
5AB3 408
5AB5 58
5AB7 1
5AB8 8
5ABA 5
5ABB 13
5ABF 23
5AC4 10
5AC7 14
5AC8 14
5AD5 9
5AD8 18
5ADA 38
5ADB 10
5ADC 18
5ADF 2
5AE0 45
5AE5 6
5AEA 9
5AEB 19
5AEC 5
5AED 8
5AEE 8
5AF3 5
5AF5 57
5AF6 6
5AF7 3
5AFD 11
5AFF 10
5B03 8
5B08 59
5B17 21
5B19 31
5B1B 83
5B1D 53
5B21 12
5B24 122
5B25 5
5B2D 62
5B2F 3
5B34 87
5B38 110
5B3D 7
5B3F 6
5B4B 1
5B4C 41
5B53 16
5B56 6
5B62 126
5B6C 8
5B7D 603
5B7F 26
5B81 9
5B84 46
5B8E 4
5B93 68
5BA7 5
5BA8 1
5BAC 6
5BC0 12
5BC1 3
5BCA 1
5BCE 10
5BD1 11
5BD6 42
5BD8 57
5BE0 4
5BEC 1863	ä∞
5BEF 4
5BF1 4
5C03 4
5C0C 5
5C12 13
5C15 1
5C1F 9
5C25 8
5C2A 21
5C2C 56
5C30 7
5C37 63
5C44 6
5C4C 9
5C58 2
5C59 4
5C5C 51
5C5D 8
5C62 496
5C63 125
5C67 17
5C68 155
5C69 19
5C6D 15
5C74 12
5C7A 16
5C7C 9
5C88 18
5C89 2
5C8B 11
5C8F 14
5C92 7
5C95 2
5C9D 7
5CA0 1
5CA2 7
5CA3 10
5CA5 4
5CA7 19
5CAA 10
5CAD 2
5CAE 7
5CB5 31
5CC9 5
5CCB 28
5CCC 4
5CD0 1
5CD2 40
5CD7 1
5CD8 5
5CDA 3
5CDB 1
5CEE 1
5CF1 6
5CF4 30
5CFF 6
5D01 14
5D06 11
5D0D 14
5D12 34
5D1D 1
5D1E 10
5D23 1
5D24 34
5D26 17
5D27 70
5D2E 5
5D30 1
5D31 14
5D34 15
5D37 1
5D3A 1
5D3D 60
5D3F 14
5D41 5
5D42 10
5D47 373
5D4A 20
5D55 7
5D59 2
5D5E 7
5D65 1
5D6B 15
5D72 10
5D77 13
5D7D 8
5D7E 14
5D80 4
5D81 14
5D88 2
5D89 2
5D8A 7
5D8D 8
5D92 19
5D93 11
5D94 54
5D95 10
5D97 3
5D99 44
5D9A 2
5D9E 3
5D9F 4
5DA0 148
5DA1 8
5DA7 28
5DAA 12
5DAD 2
5DB0 9
5DB4 7
5DB5 1
5DB8 151
5DC0 2
5DC2 4
5DC3 17
5DC6 1
5DC7 31
5DCB 18
5DD1 10
5DD4 67
5DD8 30
5DE0 1
5DE2 683
5DF9 23
5DFF 7
5E0A 8
5E0E 1
5E14 40
5E15 217
5E17 8
5E18 70
5E1F 9
5E21 11
5E22 5
5E23 11
5E24 5
5E28 45
5E29 7
5E34 8
5E4B 4
5E53 1
5E58 71
5E59 16
5E5B 30
5E5D 14
5E60 6
5E66 6
5E67 1
5E68 9
5E69 5
5E6A 27
5E6B 1215	õÒ
5E6C 19
5E6D 6
5E6E 5
5E70 13
5E80 10
5E82 5
5E89 27
5E8B 21
5E8C 7
5E9B 1
5EA2 10
5EA3 5
5EA4 7
5EA5 17
5EAA 9
5EAC 10
5EAE 7
5EB3 20
5EB9 9
5EBE 576
5EC4 60
5EC5 1
5EC6 4
5ECB 24
5ECC 14
5ECE 3
5ED1 28
5ED2 13
5ED4 9
5ED5 56
5ED9 26
5EDC 5
5EDE 12
5EE5 10
5EE6 5
5EE7 8
5F02 15
5F05 7
5F07 58
5F08 72
5F12 101
5F1D 5
5F22 21
5F23 5
5F24 4
5F28 12
5F2E 7
5F30 5
5F36 5
5F40 113
5F43 9
5F44 11
5F46 77
5F49 8
5F4B 5
5F4F 4
5F54 13
5F58 79
5F64 111
5F65 600
5F67 86
5F6F 6
5F74 13
5F78 5
5F7E 1
5F89 26
5F9B 4
5F9C 21
5FA5 3
5FAC 31
5FAF 32
5FB5 1824	í•
5FB7 7241	ìø
5FBE 2
5FC9 23
5FD0 63
5FD1 57
5FD2 212
5FD4 5
5FD5 18
5FDE 12
5FE1 62
5FE3 3
5FE8 8
5FEA 20
5FED 37
5FEE 30
5FEF 2
5FF3 17
5FF7 13
5FFA 18
6000 2
600A 16
600D 35
6013 11
6014 73
6017 13
601A 3
6022 5
602C 6
602D 11
602E 4
6032 11
6033 28
6035 64
6039 3
6040 1
6045 1
6047 26
6049 6
604C 5
6053 46
6054 6
605D 10
6067 22
6072 15
607F 41
6085 927
6086 2
6087 5
6088 1
608A 2
6095 5
609D 21
60A2 25
60A8 307
60B0 19
60B1 26
60B7 10
60BA 3
60BB 20
60BE 28
60C4 10
60C9 1
60CB 94
60CC 4
60CE 5
60CF 16
60D4 25
60D5 180
60D9 54
60DB 47
60DD 20
60E2 6
60E6 39
60F2 126
60F5 5
60F8 41
60FC 9
60FE 4
6105 2
610A 28
6110 8
6112 31
6113 10
6114 48
6116 9
611C 65
611D 1
6123 103
612B 16
612E 10
612F 4
6137 125
613B 3
6141 15
6145 15
6146 30
6149 9
615E 11
616A 6
616C 6
6172 9
617A 28
617C 34
6180 15
6183 9
618B 116
618D 17
6192 43
619B 3
619D 22
619F 3
61A8 127
61AA 8
61AD 3
61AF 25
61B0 3
61B1 3
61B8 21
61BC 1
61C1 9
61C2 392
61C5 6
61D8 7
61DE 21
61DF 17
61E0 5
61E4 10
61E5 6
61E8 103
61EA 10
61EB 4
61ED 8
61EE 13
61F0 8
61F5 108
61F9 7
61FB 4
6201 5
6203 8
6204 11
6207 30
6215 45
6222 94
6223 14
6224 17
6225 41
6227 46
6229 32
622B 3
622D 8
6236 2642	åÀ
623D 15
623E 295
6242 10
6243 74
6246 39
624A 14
6250 6
6251 68
6252 235
6254 61
6259 1
6261 2
6262 13
6264 4
6266 37
626D 418
626F 665
6273 171
627A 20
6286 19
6287 5
628C 12
628F 5
62A8 41
62AA 1
62B4 10
62B6 5
62BF 49
62C4 106
62CB 525
62CE 10
62D6 707
62DA 178
62EB 3
62F2 5
62F4 123
62FC 164498
62FD 218
6303 13
630B 4
630D 2
630E 1
630F 1
6310 23
6313 8
6316 328
632A 173
632C 4
6332 32
6334 4
6336 7
6339 84
633B 1
633C 22
6340 1
6342 18
6343 21
6344 10
6345 43
6346 105
6347 1
6348 1
634A 9
634B 72
634E 53
6354 8
6358 5
6365 2
636D 26
636F 13
6371 123
6375 16
637C 3
637D 63
6381 6
6382 95
6384 69
6387 216
638A 38
638D 1
6390 110
6394 8
6397 26
6399 238
639D 2
639E 29
63A4 18
63AD 12
63AE 22
63AF 24
63B0 43
63B1 8
63C5 6
63CA 5
63CD 27
63CE 56
63D5 5
63DC 53
63DD 10
63DF 3
63E0 12
63E5 4
63EA 131
63EB 6
63ED 593
63F1 4
63F2 23
63F3 5
63F5 16
63F9 12
6409 24
640A 42
640B 11
640C 9
640E 7
6410 49
6412 4
6414 215
6415 11
6418 9
641A 1
641B 3
641E 141
6420 65
6421 12
6422 44
6423 2
6424 17
6425 67
6427 46
642A 78
642B 8
642F 20
6430 15
6433 15
6435 18
6437 3
643D 79
643F 8
6440 22
6441 7
6443 4
644B 17
644D 3
6450 13
6451 47
6452 54
6453 6
6454 222
6459 1
645B 75
645C 33
645D 5
645E 1
645F 104
6460 21
6466 7
646C 2
646D 97
646E 1
6470 6
6472 3
6473 71
6474 12
6475 15
6477 1
6479 260
647B 113
647D 64
6482 69
6485 76
6487 319
648B 16
648F 27
6490 457
6496 3
6499 47
649C 7
649D 40
649F 35
64A0 3
64A2 21
64A3 58
64A6 12
64AC 23
64B3 12
64BD 3
64BE 87
64BF 105
64C4 104
64C9 8
64CA 3005	åÇ
64CB 359
64CE 213
64CF 1
64D0 59
64D6 1
64D7 38
64E4 3
64E8 7
64E9 16
64EB 22
64ED 11
64F0 73
64F7 40
64FB 60
64FF 88
6504 51
6506 33
6509 5
650F 243
6514 372
6515 5
6516 15
6519 159
651B 142
6520 3
6521 2
6522 239
6525 6
6526 10
6529 25
652D 6
652E 43
6532 22
653D 5
6541 10
6549 12
6553 3
6554 13
655C 5
6567 14
656A 9
6573 4
6576 6
6579 9
657A 29
657B 33
657F 1
6580 3
6581 40
6584 5
6592 8
6595 31
6596 2
659D 63
65A0 7
65A8 8
65AE 8
65B2 108
65B3 1
65B6 9
65B8 13
65BF 12
65C2 50
65CD 17
65CE 44
65D0 14
65D3 5
65D6 33
65DD 6
65DE 3
65DF 9
65EE 22
65EF 25
65F0 71
65F4 7
65FC 13
6600 172
6604 11
6608 1
6609 314
660B 2
6612 17
6615 67
661D 3
6621 6
6622 2
662B 8
6631 62
6633 11
663A 101
6645 6
664A 6
664C 153
6659 7
665A 2554	î”
665B 6
665C 6
6661 41
666C 32
6672 1
6677 102
667B 63
667C 8
667E 30
668B 5
668C 17
668D 27
6690 14
6695 7
669F 1
66A0 15
66A1 5
66A8 119
66AA 1
66B1 116
66B5 19
66C0 17
66C6 1214	óÔ
66C8 17
66CC 14
66CF 12
66D2 4
66DB 27
66E8 18
66EC 3
66ED 5
66EE 1
66F6 12
6701 1
6705 16
6710 9
6712 22
6713 20
6718 23
6721 1
6723 11
6733 3
6735 595
6739 5
673B 3
673E 2
6745 11
6747 26
6748 45
674B 1
674C 57
6755 40
6757 8
675D 3
676C 8
6774 9
6776 4
677B 11
6784 10
6791 10
6792 23
6793 20
6798 57
6799 2
679F 2
67B0 29
67B2 25
67B5 34
67BA 3
67BB 16
67C0 1
67C2 3
67C5 14
67C8 12
67D2 4
67D9 28
67DC 4
67DF 14
67E3 8
67E5 1691	ç∏
67EB 1
67ED 1
67F0 17
67F2 8
67F6 5
67F7 19
67F8 1
6812 12
6814 4
6818 4
681C 3
681D 47
681F 14
6825 1
682D 9
682F 1
6831 24
6833 28
6835 6
683B 17
6844 30
6845 46
6849 13
684B 3
684C 615
686B 12
686E 25
686F 37
6871 1
6872 4
6875 8
6879 12
687C 3
6886 163
6890 14
6892 3
689C 11
68A1 6
68A3 3
68A4 1
68A9 8
68AB 2
68AC 2
68AE 6
68B2 27
68C8 1
68CC 1
68CE 1
68D0 21
68D1 2
68D3 11
68D6 16
68DC 3
68E8 36
68EA 2
68EB 25
68EC 23
68F0 16
68F1 66
68F5 58
68F6 3
68F7 3
68F8 3
68FB 15
68FC 57
68FD 13
6907 11
6910 12
6911 16
6913 20
6914 3
6917 4
6932 1
6933 9
6937 5
6938 12
6942 34
6944 12
6945 15
6948 6
694E 5
6956 14
6957 6
6958 2
695B 28
695F 1
6963 118
6965 9
6966 43
6968 121
6969 17
696C 14
6970 5
6971 3
6976 11
697A 2
6986 236
6996 2
69A3 9
69A4 5
69A5 1
69A6 36
69A8 142
69AB 39
69AD 106
69B0 5
69B6 8
69B7 57
69B9 1
69BC 26
69C4 2
69C9 3
69D4 17
69E2 2
69E4 17
69E5 14
69EC 3
69EE 17
69F1 10
69F3 109
69F4 2
69F7 3
69FC 2
69FE 3
6A00 10
6A01 267
6A0F 1
6A11 3
6A15 8
6A18 1
6A1D 11
6A20 10
6A27 2
6A28 19
6A32 7
6A34 5
6A3C 1
6A3E 45
6A3F 11
6A50 114
6A51 20
6A55 6
6A5A 15
6A5B 43
6A5D 1
6A60 4
6A64 9
6A67 13
6A68 1
6A6A 4
6A6B 2405	â°
6A76 2
6A7E 1
6A81 3
6A83 12
6A87 8
6A89 30
6A91 10
6A94 315
6A95 6
6A96 5
6A9B 6
6A9E 5
6A9F 13
6AA5 7
6AAF 133
6ABD 3
6AC6 5
6ACB 6
6ACC 9
6ACD 1
6ADC 23
6ADD 47
6AE5 79
6AE7 5
6AEB 15
6AEC 40
6AF0 4
6AF1 54
6AF3 52
6AF8 19
6AF9 4
6AFC 7
6B00 2
6B02 19
6B03 12
6B0F 8
6B10 15
6B11 9
6B13 1
6B18 1
6B19 6
6B1E 8
6B25 3
6B28 5
6B2C 25
6B2D 5
6B31 2
6B36 5
6B3B 32
6B3F 17
6B42 7
6B46 158
6B48 10
6B4A 11
6B4B 4
6B4D 4
6B51 3
6B55 9
6B5C 10
6B60 34
6B65 3655	ï‡
6B67 477
6B6D 6
6B72 3410	çŒ
6B77 2287	ó
6B7E 3
6B82 35
6B88 5
6B91 3
6B97 11
6B99 5
6B9B 33
6B9F 3
6BA0 8
6BA2 61
6BA3 17
6BA5 6
6BAD 29
6BAE 111
6BB0 5
6BBD 79
6BC4 5
6BC8 5
6BC9 9
6BCC 6
6BCF 4053	ñà
6BD0 7
6BD6 36
6BD7 203
6BDA 19
6BDE 1
6BE3 21
6BE6 2
6BE7 7
6BE8 3
6BF0 9
6BF2 5
6BF7 12
6BF8 9
6BF9 12
6BFC 1
6BFD 29
6BFE 7
6BFF 22
6C00 3
6C01 3
6C02 44
6C03 13
6C04 10
6C05 51
6C06 3
6C09 12
6C0B 14
6C0C 3
6C0D 11
6C10 59
6C16 10
6C18 8
6C19 5
6C1A 4
6C1F 57
6C20 2
6C21 7
6C25 2
6C26 14
6C27 603
6C28 41
6C2A 4
6C2B 234
6C2C 6
6C2E 105
6C2F 161
6C30 26
6C33 61
6C36 1
6C3F 9
6C43 12
6C46 20
6C4A 22
6C4B 7
6C4D 8
6C4F 5
6C52 3
6C54 11
6C59 1106	âò
6C5B 72
6C5C 70
6C66 2
6C67 69
6C69 63
6C6D 20
6C6F 5
6C71 1
6C74 129
6C76 49
6C78 13
6C84 21
6C85 40
6C86 65
6C87 20
6C89 2302	íæ
6C8B 6
6C8F 25
6C94 60
6C95 17
6C98 5
6CAC 26
6CAD 7
6CB4 30
6CB6 1
6CB7 4
6CC2 32
6CC3 1
6CC6 17
6CC7 1
6CD0 29
6CD1 1
6CD2 1
6CD4 23
6CD6 16
6CDA 28
6CDC 14
6CE0 129
6CEB 40
6CEC 14
6CED 4
6CEE 109
6CF2 4
6CF5 44
6D04 56
6D0A 11
6D0E 41
6D0F 6
6D11 18
6D18 1
6D1A 11
6D1D 1
6D27 40
6D28 2
6D2D 6
6D2E 43
6D31 20
6D34 22
6D39 38
6D3A 14
6D3C 15
6D3F 35
6D5E 20
6D5F 5
6D60 13
6D61 19
6D65 25
6D6F 9
6D7A 1
6D7B 1
6D7C 35
6D82 20
6D86 2
6D87 119
6D89 875
6D8A 11
6D91 26
6D92 23
6D94 61
6D97 5
6D98 27
6DAA 23
6DAB 10
6DAC 1
6DAE 15
6DB3 7
6DB4 7
6DB7 6
6DBD 1
6DBE 8
6DBF 72
6DC2 4
6DC4 77
6DC8 11
6DCA 1
6DCF 2
6DD6 51
6DDA 1255	ó‹
6DDB 9
6DDC 11
6DDD 21
6DDF 18
6DE0 18
6DE2 12
6DE5 68
6DE9 53
6DEF 8
6DF0 18
6DF2 3
6DF4 5
6DF6 7
6DFC 27
6E00 1
6E03 2
6E1C 4
6E22 23
6E27 1
6E28 5
6E30 42
6E31 1
6E32 50
6E33 4
6E34 514
6E39 8
6E3B 2
6E3C 12
6E40 4
6E41 1
6E44 43
6E45 5
6E46 2
6E49 17
6E4B 4
6E51 23
6E53 18
6E54 47
6E5C 41
6E5D 14
6E5E 7
6E60 7
6E61 1
6E62 12
6E63 19
6E68 2
6E69 6
6E71 11
6E73 4
6E88 23
6E89 192
6E8D 8
6E93 2
6E94 8
6E9E 10
6EA0 6
6EA4 1
6EA6 3
6EA7 20
6EAB 2883	â∑
6EB0 10
6EB1 43
6EB3 10
6EB4 34
6EBC 703
6EC0 6
6EC1 30
6EC3 39
6EC6 1
6EC7 120
6EC8 23
6ECD 6
6ECE 58
6ECF 10
6ED6 1
6EEB 18
6EED 3
6EEE 6
6EF1 2
6EF5 4
6EF9 13
6EFB 15
6F03 1
6F05 3
6F07 2
6F08 8
6F0A 3
6F18 7
6F19 9
6F1A 69
6F26 12
6F27 2
6F29 45
6F2A 31
6F2D 57
6F2F 13
6F30 16
6F33 104
6F35 16
6F36 8
6F37 6
6F3B 14
6F3C 24
6F40 10
6F4E 14
6F4F 26
6F51 658
6F52 1
6F53 2
6F55 3
6F57 1
6F5A 5
6F5D 13
6F5E 52
6F60 7
6F62 128
6F6C 15
6F72 7
6F7E 11
6F87 37
6F88 379
6F89 10
6F8B 2
6F8C 29
6F8D 28
6F90 5
6F92 31
6F93 5
6F94 10
6FA0 79
6FA5 13
6FA6 7
6FA7 40
6FA8 7
6FA9 12
6FAB 3
6FAD 5
6FAE 19
6FB4 12
6FB6 28
6FBC 21
6FC4 2
6FC7 7
6FC8 12
6FCA 41
6FCC 11
6FCE 1
6FDC 7
6FDE 77
6FE3 1
6FE9 37
6FF0 25
6FF4 3
6FFC 23
6FFF 4
7004 12
7005 17
7006 148
7007 15
700C 14
700D 5
7016 2
701C 1
7020 9
7021 7
7023 24
7028 60
702F 13
7033 2
7035 14
7037 1
7038 5
7039 27
703A 10
703C 35
703F 6
7042 26
7043 17
7044 2
7049 8
704A 11
7055 20
7056 3
705B 2
705D 41
705E 67
7060 1
7061 1
7064 102
7068 2
7069 55
7076 446
707A 6
7085 14
7094 17
7095 175
7096 1
7098 10
70A4 36
70AB 134
70B0 26
70B1 8
70B7 49
70BE 3
70CA 16
70D3 2
70D8 337
70DA 1
70DC 26
70E4 199
70EF 61
70F4 20
70F7 34
70FA 20
70FB 4
7104 12
7106 1
710A 92
710C 7
7110 9
7117 6
711E 10
7120 17
712E 10
712F 29
7130 276
7131 10
7141 6
7146 5
7147 36
7152 28
7154 1
715C 142
715E 536
715F 1
7160 22
7163 3
7168 54
7172 8
717B 7
7185 29
7187 27
7192 107
7197 3
719A 3
719B 32
71A0 54
71A4 1
71AF 24
71B0 6
71B2 55
71B3 16
71B8 10
71BD 1
71BF 1
71C0 7
71C1 34
71C2 15
71C4 89
71C5 2
71CA 3
71CB 53
71D6 7
71D9 153
71DC 24
71E1 14
71E2 1
71F4 27
71FE 35
7201 7
7202 3
7207 20
720A 6
720C 6
7213 8
721A 33
721D 18
721F 13
7222 4
7223 15
7238 117
7239 421
7241 8
7242 33
7244 3
7249 13
724F 8
7253 56
7256 147
725A 7
7260 37
7263 14
726C 5
726E 6
726F 18
7277 8
7278 5
727B 5
727C 6
727F 6
7284 26
7285 3
7286 4
7289 5
728D 35
728E 6
7293 1
7295 8
7297 11
7298 3
729B 21
72A6 6
72A8 5
72AE 6
72B0 6
72B4 31
72B5 12
72BA 15
72BD 4
72BF 4
72C0 7783	èÛ
72C1 20
72C9 21
72CB 5
72CC 18
72D4 1
72D6 21
72DF 3
72E8 10
72EA 1
72EB 7
72F3 6
72F4 15
72F6 13
72FA 17
72FB 14
7300 2
7301 9
7307 7
730B 24
730F 1
7311 1
7312 23
7313 19
7318 8
7319 23
731E 9
7322 59
7327 8
732D 1
7330 8
7331 36
7332 14
7333 5
7335 13
733A 13
733B 62
733C 13
7343 207
7349 3
734C 6
734D 11
7350 65
7351 9
7352 31
7358 3
735D 9
735E 2
7360 51
7361 6
7362 3
7367 1
7369 1
736B 14
736C 19
736E 39
736F 15
7376 6
7377 42
737C 40
737E 25
737F 1
7380 13
7381 14
7383 8
7385 3
7388 7
738E 25
7392 2
7393 7
7395 48
7397 5
739F 9
73A0 41
73A2 14
73A4 5
73A5 3
73A6 36
73A8 6
73AB 73
73AD 14
73B7 99
73B9 2
73BC 13
73C5 6
73CC 11
73D3 42
73D9 16
73DD 8
73E3 37
73E7 16
73E9 22
73EB 2
73F5 7
73F6 1
73FD 33
7400 8
7401 9
7407 20
740A 38
740C 1
740D 8
7416 8
741A 30
741B 69
7421 2
7424 29
7426 93
7428 208
742A 58
742B 12
742C 57
742D 7
742E 62
742F 33
7430 160
7431 19
7440 71
7444 18
744A 8
744B 34
744D 2
7451 18
7452 48
7457 54
7462 7
746D 19
746E 1
7471 34
7472 8
7475 1
747D 11
747F 5
7480 38
7481 20
7485 26
7486 20
7487 44
7488 4
7489 193
748A 4
7490 21
7497 1
7498 26
749A 13
749C 42
749F 50
74A0 37
74A1 6
74A3 102
74A5 1
74A6 17
74A8 62
74A9 74
74AA 10
74AB 94
74B1 4
74B2 6
74B5 36
74B8 1
74BA 12
74BF 26
74C0 6
74C2 1
74C5 7
74D6 7
74D8 65
74DA 91
74DB 12
74DD 6
74DE 24
74DF 15
74E4 53
74E5 2
74E8 1
74EC 6
74F4 48
74FB 5
74FD 9
74FE 4
74FF 15
7500 2
7502 2
7507 1
750B 10
750F 4
7512 6
7514 7
7516 11
7517 5
751D 2
7521 10
7522 5861	éY
7529 83
752A 8
752D 10
752F 71
7539 7
753D 6
753E 8
753F 24
7540 32
7547 14
754E 39
755F 12
756C 32
756F 19
7579 25
757D 9
7590 25
7599 91
75A2 29
75A4 73
75A7 3
75AA 2
75B0 3
75BB 6
75BF 3
75C0 15
75C1 12
75C4 5
75CC 10
75CE 4
75CF 14
75D1 2
75D7 7
75DD 5
75DF 3
75E0 24
75E1 6
75E4 21
75E6 6
75E7 26
75EF 10
75F1 12
75F6 6
75F7 1
75F9 15
75FB 5
7600 36
7603 4
7608 18
760A 6
760C 25
760F 9
7610 8
7613 26
7615 10
7616 40
7619 5
761B 2
761C 1
761D 28
761E 29
7623 4
7625 13
7626 714
7628 5
7629 71
762D 5
762F 6
7631 5
7632 6
7633 26
7635 22
7638 36
763A 2
763C 15
7643 23
7649 36
7659 8
765F 48
7660 4
7664 23
7665 34
766D 14
766E 92
7671 66
7679 4
7681 166
7682 279
7695 8
769B 5
769C 17
769D 6
769E 34
76A4 33
76A6 33
76AA 8
76AB 7
76AD 13
76AF 3
76BB 3
76BD 3
76C4 3
76C5 26
76C9 4
76CE 164
76D4 90
76DD 9
76E6 25
76E9 15
76EC 8
76ED 15
76EF 35
76F1 71
76F3 3
76F7 4
76F9 54
76FC 416
770A 60
7715 12
7719 38
771A 31
771D 4
7722 9
7728 54
772D 7
772F 12
7732 4
7734 24
7735 30
7736 54
7739 6
773D 18
773E 5582	èO
7744 5
7745 7
7746 31
774A 10
774B 7
774C 1
774D 34
774E 13
774F 23
7752 21
7755 1
775C 253
775E 43
775F 14
7760 25
7762 134
7769 9
776A 50
776C 65
776E 12
776F 2
777D 72
7780 40
7782 5
7784 29
7785 61
7787 36
778C 44
778D 22
778F 13
779A 4
779F 12
77A2 31
77A7 528
77AA 199
77AB 4
77B1 3
77B5 21
77B7 4
77C9 8
77CA 11
77CE 15
77D0 3
77D3 10
77D4 7
77D5 7
77D8 6
77DE 32
77EC 41
77F0 30
77F1 17
77F2 17
77F8 5
77FB 32
77FD 147
7805 2
7806 7
7809 10
780D 297
780F 3
7810 7
7811 26
781D 15
781F 13
7822 28
7823 22
782B 13
782D 69
782E 15
782F 3
7830 35
7835 7
7837 26
7838 91
7843 140
7849 8
784A 1
784C 11
784D 2
784E 20
7852 7
785C 23
7860 4
7864 8
7865 3
7868 9
786A 10
786D 4
786E 29
787E 3
7885 2
7889 28
788F 9
7894 9
7896 1
7898 28
789E 7
789F 307
78A1 8
78A2 1
78A5 8
78A8 1
78AB 8
78AD 23
78B0 514
78B2 8
78B3 403
78B4 82
78BB 4
78C8 13
78C9 3
78CC 6
78CE 10
78CF 3
78D5 305
78DB 3
78DD 4
78DE 5
78DF 1
78E0 5
78E1 1
78E2 1
78E3 65
78E5 1
78EA 8
78F2 9
78F3 1
78F7 164
78FA 36
78FB 16
78FC 6
78FE 37
7904 4
7909 6
790C 18
7910 1
7913 4
791B 9
791C 2
791D 2
791E 6
7921 7
7924 5
7927 17
7928 9
7929 5
7931 42
793D 3
793F 10
7942 11
7945 18
7946 32
794A 15
794B 2
794F 17
7954 22
795B 53
795C 126
7961 4
7967 54
796B 11
7972 16
7974 1
797C 11
798B 35
7993 4
7994 6
7995 17
7996 14
7998 22
799A 3
799B 10
799C 5
79A0 1
79A1 27
79A8 10
79AB 9
79AC 8
79B1 258
79B4 10
79B7 3
79B8 11
79BB 3
79C8 13
79CD 35
79CE 5
79CF 8
79D6 7
79E0 9
79EA 5
79EB 28
79ED 11
79F8 27
7A02 29
7A03 9
7A05 1224	ê≈
7A0A 22
7A0C 7
7A11 9
7A15 3
7A1B 7
7A1E 14
7A28 6
7A30 8
7A39 500
7A44 9
7A47 2
7A48 8
7A4A 4
7A4B 5
7A4C 93
7A56 1
7A5A 1
7A5B 7
7A5C 10
7A5F 19
7A60 57
7A67 5
7A68 10
7A6C 3
7A6D 1
7A6E 6
7A71 1
7A75 4
7A78 14
7A7E 14
7A80 13
7A85 52
7A86 18
7A8A 10
7A8B 9
7A8C 3
7A8F 1
7A90 9
7A94 22
7A9E 9
7AA0 103
7AA3 58
7AA8 55
7AAC 51
7AB1 5
7AB3 52
7AB4 3
7AB5 15
7AB8 18
7ABE 24
7AC1 9
7AD1 24
7AD8 5
7AEB 8
7AF7 5
7AFD 53
7B05 3
7B10 4
7B22 12
7B24 7
7B2B 20
7B2D 23
7B2E 24
7B2F 8
7B30 1
7B31 15
7B32 5
7B34 8
7B38 10
7B3B 3
7B47 14
7B4A 22
7B60 220
7B64 9
7B66 25
7B69 22
7B6D 40
7B72 98
7B73 16
7B77 89
7B84 11
7B85 10
7B8E 17
7B90 15
7B91 10
7BA0 46
7BAC 10
7BAF 11
7BB5 1
7BB9 1
7BBE 9
7BD4 15
7BD8 5
7BD9 66
7BDA 14
7BDB 26
7BE1 129
7BE3 21
7BE8 14
7BEA 15
7BF0 5
7BF1 2
7BF2 21
7BF8 14
7BF9 12
7BFB 4
7BFD 7
7BFE 87
7BFF 11
7C01 7
7C03 4
7C06 7
7C09 18
7C0B 32
7C0C 114
7C0E 7
7C0F 25
7C19 5
7C1C 11
7C1E 99
7C20 17
7C26 21
7C28 12
7C29 1
7C2C 9
7C2D 7
7C30 4
7C33 8
7C39 11
7C49 8
7C4A 10
7C53 11
7C59 89
7C5B 7
7C5C 29
7C63 6
7C67 16
7C69 40
7C6A 3
7C6E 42
7C6F 11
7C72 44
7C78 12
7C79 11
7C7A 3
7C7D 25
7C84 5
7C91 17
7C94 9
7C9E 5
7CB5 191
7CBA 5
7CBB 5
7CBC 32
7CBF 11
7CC8 13
7CCC 7
7CD0 1
7CD4 1
7CD5 233
7CD7 45
7CD9 160
7CDD 36
7CE8 10
7CEA 3
7CEC 6
7CF0 40
7CF1 19
7CFD 1
7D03 13
7D07 72
7D08 177
7D09 85
7D0F 1
7D11 6
7D12 9
7D13 69
7D16 8
7D1D 15
7D1E 29
7D1F 8
7D29 5
7D31 29
7D38 6
7D3C 22
7D3D 14
7D3E 12
7D40 66
7D41 9
7D47 10
7D51 1
7D53 10
7D55 4305	ê‚
7D58 1
7D5C 97
7D6A 20
7D6B 3
7D6D 3
7D70 63
7D7A 45
7D7B 12
7D7F 4
7D80 9
7D81 283
7D83 77
7D85 3
7D86 41
7D88 41
7D8C 22
7D8D 12
7D8E 5
7D91 99
7D96 7
7D9D 22
7D9E 11
7DA0 2402	óŒ
7DA6 62
7DAA 7
7DB7 16
7DB9 59
7DBC 7
7DC2 2
7DC4 25
7DC5 6
7DC6 8
7DC9 7
7DCC 16
7DCE 13
7DD7 35
7DD9 7
7DE3 3354	âè
7DE6 26
7DE7 5
7DEA 15
7DF1 16
7DF3 1
7DF6 14
7DF9 31
7DFA 9
7E08 169
7E0C 1
7E0F 4
7E10 57
7E11 45
7E13 7
7E15 48
7E17 15
7E1A 2
7E1D 59
7E20 36
7E29 8
7E2A 5
7E2D 13
7E2F 10
7E30 16
7E33 15
7E34 40
7E36 40
7E38 3
7E3F 6
7E42 4
7E44 16
7E45 26
7E47 161
7E48 17
7E4C 1
7E50 23
7E51 4
7E52 76
7E58 4
7E5C 8
7E5F 3
7E60 10
7E61 1060	„T
7E62 24
7E63 9
7E68 12
7E6B 1185	åq
7E6F 21
7E72 1
7E73 323
7E74 3
7E75 6
7E76 6
7E78 3
7E7E 26
7E80 5
7E81 27
7E86 11
7E87 15
7E8A 42
7E8B 5
7E8D 138
7E91 18
7E95 5
7E98 23
7E9A 35
7F39 9
7F3D 122
7F3E 38
7F3F 11
7F43 6
7F44 111
7F48 48
7F4B 7
7F4F 33
7F5B 5
7F5C 6
7F5D 44
7F5E 3
7F61 50
7F63 54
7F65 19
7F66 16
7F6C 7
7F6D 15
7F73 20
7F76 7
7F7A 5
7F7B 11
7F7C 3
7F7D 22
7F7E 25
7F7F 11
7F89 5
7F8B 9
7F91 11
7F95 12
7F96 13
7F9C 6
7FA0 2
7FA1 4
7FA2 4
7FA5 17
7FA7 14
7FAC 1
7FAD 11
7FB0 9
7FB1 7
7FB3 5
7FB5 7
7FBC 15
7FBF 63
7FC0 4
7FC2 11
7FC3 40
7FCE 86
7FD0 2
7FDB 24
7FDC 4
7FDF 148
7FE2 10
7FE3 10
7FE5 36
7FE8 3
7FEC 59
7FEE 88
7FEF 16
7FF1 67
7FF2 5
7FFD 22
7FFE 24
7FFF 9
8007 16
800D 612
800E 16
800F 5
8011 21
8014 14
8016 4
801E 4
8024 10
8026 88
802C 20
8030 17
8035 16
8037 12
8039 2
803E 19
8043 45
804F 1
8050 19
805D 2
8071 20
8075 49
808A 5
808F 4
8090 56
8095 5
809C 7
80AB 19
80AE 9
80B5 7
80B8 24
80C2 4
80C5 2
80C7 3
80C8 9
80C9 4
80CA 8
80CF 4
80D0 1
80D1 4
80D4 12
80D5 14
80D7 9
80DC 9
80E0 60
80E3 3
80E6 3
80ED 116
80F0 51
80F2 3
80F3 79
80F5 9
80F9 12
80FA 62
80FE 7
8100 3
8101 178
8115 1
8116 184
8118 8
811D 6
811E 10
811F 9
8121 22
8122 6
8124 9
8127 4
812B 2146	íE
812C 16
812D 9
8130 16
813A 10
8144 3
8147 1
814A 29
814C 50
814D 4
8152 5
815B 4
815C 5
8160 11
8161 6
8162 1
8164 10
8167 10
8169 7
816F 11
8173 3855	ãr
8176 8
8177 26
8186 12
8187 7
818B 6
818C 1
818D 10
8197 3
8198 25
819B 105
819E 7
81A2 1
81A6 7
81AB 2
81AC 10
81AE 7
81B1 6
81B4 36
81B7 8
81B9 10
81BB 26
81C3 24
81C4 7
81C5 4
81C7 1
81CA 143
81CC 5
81CF 55
81D0 7
81D5 13
81D7 3
81DB 9
81DD 14
81DE 25
81E1 1
81E2 33
81E9 1
81EC 49
81EE 1
81F2 10
81F7 16
81FF 15
8200 57
8204 59
8211 1
8214 44
8215 14
821D 18
8220 7
8221 22
8222 23
8228 8
822F 10
8232 11
8234 13
823A 12
8244 22
8245 9
8249 5
824B 22
824E 15
824F 5
8250 2
8251 5
8252 1
8253 4
8256 5
825B 6
8263 2
826D 3
8274 8
8275 11
827D 15
8283 31
8284 9
8285 6
828A 35
828E 24
828F 7
8290 2
8291 26
8293 1
8294 3
8298 10
829A 6
829B 1
82A0 1
82A1 44
82A3 24
82A7 10
82A8 5
82A9 11
82AE 49
82B0 27
82B4 15
82B5 9
82B6 2
82B7 71
82BA 7
82BC 7
82BE 74
82C3 1
82D5 181
82D6 4
82EF 45
82F2 3
82F6 5
82FE 30
8300 17
8301 40
8307 26
8308 16
830C 13
830D 10
8319 11
831B 11
831E 4
8320 2
8322 1
8329 6
832A 4
832C 15
832D 26
8333 8
8337 19
833A 10
833B 3
833C 8
8342 10
8343 49
8344 11
8347 19
8348 5
834D 4
834E 7
8351 41
8353 6
8354 118
8356 2
8374 3
8378 20
837D 22
837E 3
8381 4
8386 32
838F 7
8392 78
8394 3
8395 7
8398 74
8399 3
839B 23
839D 11
83A7 36
83A9 51
83BF 4
83C0 37
83C2 5
83C6 9
83C7 87
83C9 17
83CF 2
83D1 62
83D4 28
83D9 6
83DD 9
83DE 3
83E1 18
83E2 5
83EA 2
83F5 1
83F6 10
83F8 348
83F9 28
83FC 9
8401 49
8406 18
8409 4
840A 426
840F 16
8410 9
8411 14
842D 7
842F 17
8430 3
8432 2
8434 6
8437 10
8439 13
843B 1
8440 2
8444 6
8445 15
8447 4
844C 1
844D 7
8450 2
8451 26
8452 6
8456 15
8459 1
845A 14
845E 4
845F 4
8467 8
8470 5
8473 40
8474 4
8476 7
8478 17
847D 7
848D 11
8497 8
8498 8
849A 1
849D 2
849E 182
84A0 2
84A2 5
84A8 31
84A9 6
84AA 6
84AF 93
84B1 19
84B4 96
84BA 33
84C0 34
84C2 16
84C7 9
84CC 3
84CE 5
84CF 19
84D3 14
84D7 1
84E7 6
84E9 3
84EB 2
84EF 17
84F0 14
84F1 12
84F2 6
84F3 6
84F7 14
84FA 31
84FD 83
8502 9
8507 6
8508 7
8509 7
850A 6
850C 38
850D 1
850E 3
850F 12
851E 24
8520 5
8523 449
8524 8
8525 293
8527 4
852A 16
852B 26
852F 3
8531 6
853B 47
853E 2
8545 3
8546 7
854D 4
8551 6
8553 26
8554 1
8556 23
8559 192
855D 10
855E 19
8561 39
8562 14
8564 80
856E 9
8575 1
8576 1
8578 3
8579 7
857A 16
857B 8
8581 16
8585 17
8586 28
8589 2
858C 19
858E 1
858F 44
8596 5
859D 7
859E 6
859F 2
85A0 6
85A2 12
85A7 1
85B0 275
85B1 5
85B3 10
85B4 4
85B5 1
85B6 14
85B7 12
85B8 1
85BF 14
85C2 6
85C3 4
85C7 8
85CB 18
85CE 30
85D1 8
85D8 1
85D9 3
85DA 4
85DF 33
85E3 7
85E6 7
85E8 13
85EB 3
85ED 10
85F6 5
85F8 7
85FF 58
8600 12
8601 6
8604 60
8605 50
8609 3
860C 1
8611 23
8618 21
8619 5
861B 1
861E 14
8620 10
8621 9
8624 1
8626 3
8627 96
8629 26
862A 5
862E 8
8634 2
8638 72
8639 5
863A 16
863C 31
863E 3
8640 55
8646 9
8648 1
864B 1
8652 6
8653 19
8656 23
8659 10
865B 3021	ãï
8661 38
8662 86
8663 9
8664 3
8669 14
866F 130
8670 1
8674 2
8677 8
867A 110
867C 22
8687 2
868D 45
8691 10
8696 7
8698 1
869C 30
869D 1
86A1 16
86A2 6
86A7 7
86A8 15
86B1 26
86B3 6
86B4 5
86B5 19
86B7 6
86B8 3
86B9 5
86BA 13
86BB 4
86BF 5
86C0 61
86C1 3
86C2 3
86D0 24
86D1 11
86D3 7
86D6 5
86D7 7
86DA 1
86DC 6
86E2 8
86E3 11
86E8 2
86EB 4
86FA 22
8704 5
8707 19
870B 13
870C 3
870E 23
8713 57
8719 6
871E 12
8721 37
8722 15
8723 19
8724 7
8728 5
872C 1
872E 39
8730 6
8731 2
8732 9
8735 1
873A 25
873C 7
873E 9
8740 19
8742 10
8743 12
874D 15
874F 2
8750 7
8751 4
8752 3
8754 5
8756 3
8758 8
875A 3
875B 3
875C 10
875D 3
8761 10
8764 22
8765 23
876F 15
8773 14
8779 17
877B 8
8783 44
8784 17
8785 11
8787 8
8788 12
8791 1
8793 23
8794 1
8796 6
8797 19
8798 21
879E 139
87A3 27
87AC 8
87AD 61
87AE 2
87B0 3
87B2 5
87B5 9
87B7 2
87B9 10
87BC 2
87BE 12
87BF 9
87C3 1
87C5 3
87C8 24
87C9 2
87CA 18
87D1 14
87D9 2
87DB 14
87DC 9
87DE 1
87DF 5
87E2 8
87E3 22
87E5 12
87E7 1
87EA 15
87EB 7
87EC 420
87ED 11
87F3 3
87FA 17
87FF 5
8801 18
8802 1
8803 15
8806 44
8809 9
880A 3
880B 15
8810 19
8813 11
8814 11
8819 19
881B 6
881C 3
881F 588
8820 6
8826 2
8828 19
882F 4
8830 7
8832 100
8835 8
8837 8
883C 13
8841 5
8843 9
8848 4
884A 23
884B 3
884E 27
8855 29
8856 12
885A 29
8869 17
886A 9
886F 18
8871 4
8879 14
887C 1
8880 9
888E 3
8891 6
8893 67
8898 3
889A 1
889B 10
889F 6
88A1 6
88A7 5
88A8 10
88AA 67
88BA 6
88BC 3
88BD 6
88BE 9
88C0 37
88C9 5
88CA 118
88CB 10
88CC 5
88CD 1
88CE 19
88D2 11
88D6 5
88DB 17
88E7 6
88EF 22
88F0 38
88F1 98
88F6 22
88F7 4
88FB 5
8901 1
8905 4
8906 1
8909 8
890B 4
890E 22
8914 4
8915 23
8916 9
8918 27
8919 36
891A 270
891F 7
8921 42
8922 4
8926 9
8927 12
892D 54
892F 5
8930 40
8931 4
8932 332
8933 10
8935 11
8937 4
893C 8
893D 5
893E 17
8942 9
8946 21
8949 11
894B 1
894F 9
8950 1
8952 8
8953 4
8957 8
8958 7
895A 11
895B 26
895C 38
895D 8
8961 3
8962 7
8963 5
896B 9
896C 33
896E 9
8971 1
8973 6
8976 9
897B 20
897C 9
8982 8
8985 2
8995 6
899B 4
899C 7
89AD 1
89B6 7
89B7 310
89D3 5
89D4 86
89D5 4
89D6 12
89DF 1
89E1 6
89E4 5
89E5 96
89E9 5
89EB 14
89ED 20
89F0 11
89F1 33
89F3 25
89F6 7
89F7 4
89FC 4
89FF 17
8A04 7
8A07 41
8A0F 27
8A11 20
8A12 5
8A15 106
8A1E 4
8A22 36
8A27 5
8A2C 10
8A30 10
8A39 6
8A3E 98
8A3F 9
8A40 5
8A44 5
8A45 12
8A4E 62
8A56 33
8A57 14
8A58 58
8A59 5
8A61 67
8A68 2
8A75 48
8A76 14
8A77 5
8A79 114
8A7B 21
8A7F 17
8A83 4
8A86 34
8A8B 7
8A8F 2
8A92 13
8A96 26
8A99 9
8AAA 17903	ê‡
8AB6 25
8ABB 10
8ABE 25
8AC6 6
8AC9 43
8AD1 18
8AD3 20
8AD4 7
8AD5 153
8AD7 16
8ADD 27
8ADF 7
8AF0 12
8AF2 13
8AF4 12
8AF5 14
8AF6 104
8AFC 32
8B05 46
8B08 14
8B0A 293
8B0B 6
8B0F 17
8B11 1
8B1E 10
8B23 11
8B25 7
8B2F 5
8B30 6
8B35 5
8B37 26
8B3B 13
8B3C 7
8B46 11
8B47 6
8B48 1
8B4A 14
8B4B 4
8B51 1
8B52 5
8B54 10
8B55 4
8B59 124
8B63 4
8B68 14
8B6A 6
8B6D 4
8B78 15
8B7E 13
8B85 5
8B86 7
8B8B 20
8B94 28
8B95 19
8B98 8
8B9C 75
8B9E 27
8B9F 16
8C39 7
8C3D 7
8C47 21
8C49 23
8C4B 4
8C4F 2
8C54 813
8C57 14
8C5C 5
8C5D 9
8C66 1
8C68 35
8C6D 18
8C70 4
8C73 156
8C75 4
8C76 4
8C77 4
8C7B 10
8C7D 1
8C81 1
8C86 7
8C8F 8
8C90 7
8C92 9
8C93 452
8C95 3
8C97 7
8C99 14
8CA3 4
8CA4 14
8CBA 60
8CBE 6
8CC5 31
8CD2 72
8CD5 29
8CD9 21
8CDD 5
8CE1 27
8CE8 11
8CEC 151
8CEE 4
8CF4 1008	óä
8CF5 13
8CF8 39
8CFE 47
8D06 1
8D15 5
8D17 32
8D1B 86
8D68 4
8D69 11
8D6C 26
8D6E 6
8D6F 4
8D76 10
8D78 21
8D84 59
8D8D 5
8D8E 1
8D90 1
8D91 15
8D93 23
8D94 23
8D95 1185
8D96 1
8D9F 86
8DA0 12
8DA1 5
8DAA 2
8DAB 39
8DAC 13
8DAE 4
8DAF 38
8DB2 52
8DB4 41
8DB5 22
8DB7 7
8DB9 6
8DBC 26
8DBF 20
8DC5 8
8DC6 12
8DC7 8
8DCD 1
8DCE 58
8DD0 12
8DD1 1001
8DD3 4
8DD5 30
8DD7 46
8DDC 1
8DE0 1
8DE2 4
8DE4 66
8DE6 13
8DE7 15
8DE9 4
8DEC 34
8DEE 3
8DF1 19
8DF2 7
8DF4 18
8DFA 52
8DFD 8
8E02 4
8E05 80
8E06 32
8E11 1
8E14 34
8E15 5
8E16 36
8E18 15
8E1C 1
8E20 14
8E21 20
8E22 285
8E23 25
8E24 3
8E25 16
8E26 16
8E27 19
8E29 108
8E2B 4
8E2E 12
8E31 62
8E33 17
8E36 28
8E38 9
8E39 52
8E3C 5
8E3D 38
8E40 78
8E41 18
8E45 26
8E4B 119
8E4D 8
8E4E 6
8E53 13
8E54 14
8E5A 14
8E5C 15
8E5D 17
8E5E 13
8E61 37
8E62 10
8E65 1
8E66 72
8E67 48
8E69 27
8E6A 15
8E6C 128
8E6D 52
8E6F 16
8E73 10
8E7A 92
8E7B 89
8E82 35
8E86 6
8E88 4
8E89 30
8E90 37
8E92 21
8E95 49
8E97 4
8E98 3
8E9A 30
8E9E 38
8E9F 4
8EA0 13
8EA3 5
8EA5 24
8EA6 3
8EA8 1
8EA9 11
8EB2 496
8EBA 113
8EC0 368
8ECF 14
8ED1 8
8ED4 34
8ED8 7
8EDC 6
8EE5 9
8EE7 2
8EE8 27
8EEC 5
8EEF 6
8EF1 4
8EF7 14
8EF9 24
8EFA 21
8EFF 26
8F00 6
8F02 9
8F07 12
8F08 36
8F10 4
8F16 8
8F17 21
8F18 7
8F1A 6
8F1E 31
8F20 5
8F23 14
8F24 3
8F25 28
8F2C 7
8F2E 11
8F32 7
8F34 8
8F36 21
8F37 7
8F40 19
8F43 2
8F47 14
8F4F 4
8F50 3
8F51 10
8F52 13
8F53 15
8F54 53
8F55 17
8F56 7
8F58 17
8F59 4
8F5A 6
8F5D 13
8F5E 1
8F60 9
8FA6 2435	ïŸ
8FB4 3
8FC6 50
8FC9 1
8FCB 15
8FCD 35
8FD2 10
8FD3 61
8FD5 35
8FD6 1
8FE1 1
8FE4 97
8FE8 29
8FEE 17
8FFB 7
8FFC 2
8FFF 4
9002 25
9004 10
900C 21
901B 138
9024 8
902D 13
902F 19
9034 21
903F 8
9044 16
905B 43
905D 30
9062 25
906B 4
9070 11
9073 3
9074 42
9079 28
907B 6
907E 2
9085 38
9086 1
9088 185
908B 42
9090 48
9095 350
9097 11
9098 2
9099 39
909B 59
90A0 47
90A1 4
90A2 230
90A5 4
90A7 2
90B0 7
90B2 8
90B3 54
90B4 24
90B6 229
90BD 9
90BE 21
90BF 2
90C3 32
90C5 39
90C7 19
90C8 6
90CB 1
90D4 2
90D5 11
90D7 43
90D8 5
90D9 2
90DA 2
90DC 15
90DD 59
90DF 12
90E0 2
90E3 6
90E9 1
90EA 12
90EB 17
90EF 26
90F0 6
90F2 3
90F3 3
90F4 23
90FC 5
90FE 24
90FF 33
9100 6
9104 10
9106 29
9107 2
9109 3262	ãΩ
910D 2
910E 4
910F 5
9110 3
9111 6
9114 8
9116 13
9117 7
9118 81
911A 3
911C 22
911E 15
9120 25
9121 3
9122 19
9123 28
9124 2
9126 4
9127 472
9128 3
9129 7
912A 2
912B 4
912C 3
912E 5
912F 15
9131 46
9133 6
9134 146
9136 7
9138 2
9139 5
913A 7
913E 4
913F 4
9141 2
9143 17
9145 3
9146 32
9147 10
9148 247
914F 11
9150 12
9153 1
9157 32
915A 16
915F 3
9160 3
9161 13
9164 40
916E 23
916F 20
9174 21
9179 36
917A 53
9181 13
9183 100
9184 4
9185 31
9186 14
918A 4
9191 17
9193 6
919A 30
919B 28
919E 62
919F 6
91A1 6
91A3 74
91A5 6
91A8 26
91AC 329
91AD 13
91AE 118
91B0 9
91B1 21
91B2 29
91B3 8
91B9 5
91BC 11
91BD 10
91BE 12
91C2 12
91C3 25
91C5 29
91D3 2
91D4 5
91D5 13
91D7 11
91D9 5
91DA 2
91E2 2
91E4 13
91E9 4
91EB 2
91EC 1
91ED 24
91F1 11
91F7 18
91F9 6
9200 43
9201 4
9203 18
9206 10
9207 30
9209 99
920C 1
9210 46
9212 12
921A 11
921C 4
9223 114
9225 2
9226 17
9227 3
922E 5
9230 4
9233 2
9238 62
9239 20
923A 17
923D 13
923E 59
9240 107
9246 3
924A 1
924D 7
924F 53
9251 21
9252 8
9260 10
9265 15
9267 31
926C 13
926D 6
9272 2
9276 55
9278 33
927A 5
927B 32
927C 6
927F 3
9287 1
928B 5
928D 15
928E 5
9297 8
92A0 5
92A3 5
92A4 1
92A5 7
92A6 8
92A7 2
92A8 24
92A9 3
92AA 2
92AB 8
92AC 33
92B2 35
92B3 728
92B6 3
92BB 23
92BC 36
92C1 149
92C2 5
92C3 22
92C4 1
92C5 91
92C7 15
92C8 10
92CB 11
92CC 24
92D0 4
92D5 1
92D9 13
92DD 5
92DF 8
92E6 5
92E7 7
92E8 7
92EE 22
92EF 4
92F0 10
92F1 3
92F9 4
9301 12
9302 28
9304 3169	ò^
930D 2
930E 1
9312 9
9315 16
931B 9
931E 19
931F 8
9321 43
9327 7
9329 3
9333 58
9336 106
9338 2
933C 2
9346 3
9347 10
9349 20
934A 422
934C 3
9351 7
9352 1
9357 1
9358 50
935A 26
9364 13
9365 37
9367 2
936A 21
936D 7
9370 16
9371 1
9376 11
937A 8
9382 79
9388 1
938A 12
938F 4
9392 2
9398 22
939B 29
939D 10
939E 30
93A1 11
93A2 38
93A3 1
93A6 6
93A9 35
93AA 9
93AF 1
93B2 1
93B3 36
93B4 2
93B5 6
93B7 2
93C0 6
93C2 1
93C4 9
93C7 39
93CA 17
93CC 17
93CD 3
93D2 1
93D9 5
93DA 4
93DC 29
93DE 22
93DF 87
93E2 65
93E3 2
93E6 30
93EC 1
93EE 3
93F5 14
93F7 4
93F9 30
93FD 97
940B 6
940D 12
940E 8
940F 6
9412 2
9415 5
9420 3
9428 2
9429 4
942E 47
9432 66
9433 26
9439 3
943B 12
943F 3
9440 3
944A 89
944B 1
944C 6
9455 17
9463 73
9464 2
946B 5
946D 8
946E 6
946F 4
9471 20
9472 136
9474 2
9482 10
957A 1
957C 7
957D 1
9586 2
9588 31
958C 5
958E 84
9592 2243	ä’
959B 4
959C 2
959E 8
959F 61
95A1 27
95A9 286
95AB 71
95AC 74
95B1 771
95B6 45
95B7 2
95BD 66
95BF 10
95C6 123
95C8 150
95C9 23
95CB 38
95D0 110
95D1 11
95D2 23
95D3 23
95DA 41
95DB 1
95DE 55
95DF 10
95E0 15
95E4 15
961E 4
9622 7
9624 19
962C 18
9630 5
9631 91
9639 1
963A 4
963C 34
963D 14
964A 7
9654 43
9658 26
9661 173
966B 1
9674 10
967C 4
967E 12
9683 19
9684 137
9689 15
96A2 1
96A4 41
96A9 35
96AC 1
96AE 10
96B3 66
96BF 1
96C8 2
96CA 15
96D2 54
96D4 3
96D8 12
96DA 6
96DD 41
96DE 2116	å{
96E5 3
96E9 45
96EF 93
96F1 11
96FA 10
96FF 1
9702 13
9705 28
9709 84
971D 11
9722 22
9723 8
9729 2
972B 2
972E 2
973F 14
9743 1
975A 56
975B 43
976A 5
976C 2
976E 5
9773 37
9776 135
9777 3
9778 20
977E 4
977F 9
9780 14
9783 5
9788 4
9794 11
9797 12
9799 10
979A 29
979E 29
97A5 4
97AA 3
97AC 23
97AE 26
97B6 32
97B7 7
97B9 11
97BB 9
97BF 7
97C1 100
97C4 6
97C5 6
97C9 17
97CC 187
97CD 11
97CE 17
97D0 10
97D4 14
97D7 7
97D8 5
97D9 20
97DD 18
97DE 63
97DF 3
97E1 32
97E3 10
97F0 6
97F1 1
97FD 9
9804 6
9807 22
980A 66
980D 16
980E 85
9816 9
981C 33
981D 5
981E 28
9820 17
9826 59
9829 13
982B 37
982F 4
9830 225
9832 32
9835 10
9839 343
9844 9
9845 3
9850 2
9851 7
9852 75
9853 96
9857 120
9859 77
985C 9
985F 1
9860 5
9862 24
9863 3
9865 109
9869 3
98A9 49
98AC 2
98AD 53
98AE 20
98B2 4
98B3 36
98B8 13
98BA 100
98BB 31
98BC 86
98BD 1
98BE 5
98BF 13
98C0 16
98C1 6
98C2 21
98C9 4
98CB 8
98CC 2
98E3 26
98E5 17
98E7 87
98EA 108
98F6 8
9902 11
9908 12
9911 29
9915 18
9916 23
9917 46
991A 236
991B 25
991F 6
9927 11
9929 3
992A 12
992B 3
992D 8
9931 19
9932 5
9933 39
9935 115
993A 18
993C 52
993F 24
9941 11
9943 29
9947 2
9948 42
994E 14
9954 64
9958 22
9959 9
995B 6
995C 39
995E 97
995F 13
9961 5
999D 9
999E 11
99A1 12
99AF 3
99B1 96
99B2 9
99B5 4
99B9 6
99BA 4
99C3 18
99C9 40
99CC 1
99CD 4
99CF 7
99D3 5
99D4 22
99D6 1
99D9 76
99DC 19
99E7 2
99EA 12
99EC 13
99F0 133
99F4 8
99F7 5
99F9 6
99FA 3
99FC 15
99FE 7
9A02 50
9A03 31
9A04 27
9A09 10
9A0A 10
9A0B 9
9A0D 10
9A11 30
9A15 11
9A16 94
9A1B 3
9A1C 3
9A1D 10
9A1E 12
9A20 12
9A22 5
9A23 13
9A24 20
9A25 2
9A27 8
9A29 1
9A2A 1
9A2C 8
9A2D 52
9A2E 50
9A32 7
9A35 5
9A36 59
9A38 11
9A39 1
9A3A 3
9A41 42
9A44 50
9A48 4
9A49 4
9A4A 29
9A4C 10
9A4E 14
9A4F 5
9A52 5
9A54 6
9A56 14
9A5E 1
9A66 9
9AAB 17
9AAF 64
9AB3 7
9AB4 5
9AB7 20
9AB9 7
9ABB 5
9ABE 18
9ABF 6
9AC1 8
9AC2 11
9AC6 7
9AC7 1
9ACA 12
9ACD 1
9AD0 5
9AD2 153
9AD5 9
9AD6 19
9AE1 88
9AE7 5
9AF2 8
9AF3 8
9AF6 3
9AF9 18
9AFC 6
9AFD 10
9AFE 13
9B03 33
9B04 12
9B05 19
9B08 13
9B0B 17
9B0C 11
9B0D 209
9B0E 1
9B10 12
9B11 12
9B12 23
9B16 23
9B19 10
9B20 2
9B24 3
9B2B 2
9B35 6
9B37 7
9B3A 3
9B3E 5
9B46 36
9B48 9
9B4A 5
9B4B 13
9B56 1
9B5F 3
9B60 8
9B66 3
9B67 2
9B68 7
9B6C 4
9B76 5
9B77 16
9B80 3
9B85 2
9B86 6
9B90 21
9B9A 8
9B9E 9
9BA1 2
9BA6 3
9BB8 4
9BBF 3
9BC1 71
9BC7 3
9BC8 14
9BD3 10
9BD7 18
9BDC 3
9BDE 1
9BE0 3
9BE6 4
9BE7 10
9BEA 8
9BEB 13
9BF7 7
9BF8 1
9BFD 47
9C05 1
9C0B 1
9C1C 2
9C1D 1
9C23 6
9C29 11
9C2B 3
9C31 20
9C34 3
9C37 17
9C3C 6
9C3F 6
9C44 8
9C49 218
9C4D 10
9C54 18
9C56 17
9C58 10
9C5E 5
9C5F 11
9C63 25
9C68 5
9C6D 3
9C6E 3
9C77 42
9C7A 5
9CE6 5
9CEA 5
9CF2 13
9CF7 8
9CFA 1
9CFC 1
9CFD 4
9D10 6
9D14 1
9D17 3
9D18 5
9D1D 24
9D1E 70
9D25 6
9D2F 2
9D30 27
9D33 8
9D36 1
9D37 4
9D3D 5
9D40 5
9D42 14
9D43 7
9D4A 8
9D4B 6
9D4C 6
9D4F 1
9D52 20
9D53 29
9D54 12
9D56 1
9D5A 6
9D5F 5
9D67 7
9D69 26
9D6A 45
9D70 51
9D74 1
9D77 45
9D7B 4
9D7D 3
9D80 3
9D81 1
9D82 13
9D84 8
9D86 10
9D8A 26
9D8B 14
9D8C 1
9D92 15
9D96 13
9D97 12
9D98 12
9D99 1
9D9B 2
9D9D 3
9DA1 41
9DA2 8
9DA3 1
9DAA 5
9DAC 21
9DB1 2
9DB5 13
9DB9 13
9DBC 32
9DBF 21
9DC3 35
9DC5 3
9DC7 17
9DC8 12
9DCA 5
9DD1 5
9DD5 7
9DD6 26
9DD7 101
9DD8 3
9DDA 4
9DDE 14
9DDF 30
9DE5 28
9DE9 13
9DEB 14
9DF0 13
9DF3 6
9DF4 4
9DFE 4
9DFF 16
9E02 16
9E03 12
9E07 16
9E0B 1
9E0F 9
9E10 5
9E11 10
9E12 5
9E14 2
9E15 20
9E19 1
9E1D 31
9E7A 10
9E7C 242
9E80 30
9E82 12
9E83 24
9E86 1
9E87 35
9E9A 1
9E9B 10
9EA0 1
9EA4 84
9EAE 7
9EB0 7
9EB4 102
9EB5 946
9EC2 6
9EC3 6971	â©
9EC8 11
9ED1 3447	çï
9ED3 5
9ED5 5
9ED6 2
9EDA 5
9EDF 8
9EE4 6
9EE6 9
9EE7 27
9EED 4
9EEE 19
9EF0 8
9EF2 15
9EF3 11
9EFF 30
9F01 1
9F06 4
9F09 50
9F0A 1
9F0F 7
9F10 58
9F12 7
9F16 7
9F19 39
9F1A 3
9F1B 5
9F22 8
9F25 3
9F29 11
9F2A 4
9F2B 9
9F2E 3
9F2F 16
9F31 8
9F32 8
9F34 18
9F35 6
9F37 10
9F3D 8
9F40 1
9F41 54
9F46 6
9F47 3
9F49 8
9F4C 9
9F4D 9
9F55 11
9F56 3
9F57 21
9F58 11
9F59 9
9F5C 15
9F5E 8
9F6E 8
9F6F 8
9F70 12
9F71 5
9F74 2
9F75 12
9F79 3
9F7A 5
9F7E 13
9F90 393
9F91 5
9F94 151
9FA2 21
9FA4 4
E004 3
E009 3
E00B 8
E00C 13
E00D 14
E00E 6
E012 3
E013 56
E014 2
E015 1
E016 2
E018 8
E019 2
E01A 4
E021 2
E022 2
E023 2
E026 2
E027 5
E028 12
E029 2
E02A 2
E02B 2
E02C 2
E02D 2
E02E 2
E02F 3
E032 6
E035 6
E036 5
E037 2
E03E 2
E03F 7
E041 2
E042 2
E043 4
E044 2
E047 29
E048 2
E04A 2
E04C 7
E04D 4
E04E 6
E050 4
E051 2
E052 3
E053 6
E054 4
E055 2
E056 3
E057 3
E058 3
E059 2
E05A 4
E05C 2
E05D 2
E05E 3
E05F 3
E061 3
E064 4
E065 4
E067 4
E069 2
E06A 2
E06C 4
E06D 2
E06E 2
E06F 2
E070 6
E071 2
E072 2
E074 5
E075 6
E076 2
E078 3
E079 2
E07B 2
E07C 2
E07D 2
E07E 2
E07F 18
E081 3
E082 11
E083 1
E085 18
E088 9
E08A 41
E08E 4
E08F 19
E091 10
E092 14
E093 11
E094 15
E095 5
E099 11
E09C 16
E09E 8
E09F 2
E0A1 11
E0A3 4
E0A4 12
E0AC 57
E0AF 5
E0B0 6
E0B1 1
E0B8 1
E0B9 7
E0BA 1
E0BC 7
E0BD 2
E0BE 18
E0C0 8
E0C1 2
E0C2 2
E0C3 3
E0C5 4
E0C6 4
E0C8 3
E0CA 15
E0CC 2
E0CD 7
E0CE 2
E0CF 2
E0D0 2
E0D3 4
E0D5 2
E0D8 5
E0DA 2
E0DB 2
E0DC 2
E0DD 2
E0DF 2
E0E0 2
E0E1 5
E0E2 3
E0E3 3
E0E5 2
E0E6 2
E0E7 2
E0E8 2
E0E9 2
E0EA 3
E0EB 4
E0EC 2
E0ED 2
E0EE 2
E0EF 3
E0F0 3
E0F1 2
E0F2 3
E0F3 2
E0F4 2
E0F5 2
E0F6 2
E0F7 2
E0F9 2
E0FC 14
E0FD 2
E0FE 2
E0FF 9
E101 2
E103 22
E104 15
E108 4
E109 4
E10B 5
E10F 2
E110 46
E111 2
E112 2
E113 2
E118 2
E11C 1
E11D 8
E120 4
E121 4
E122 6
E123 4
E125 2
E126 5
E128 2
E12B 4
E12D 2
E130 2
E132 2
E133 4
E134 2
E135 2
E136 2
E137 2
E13A 21
E13B 29
E13C 2
E13F 12
E140 2
E141 2
E142 11
E143 1
E144 2
E145 6
E147 2
E148 2
E149 2
E14A 1
E14C 3
E14D 6
E14E 10
E14F 2
E151 2
E152 5
E154 4
E155 2
E158 2
E159 2
E15A 4
E15B 3
E15C 2
E15D 5
E15E 4
E15F 4
E161 12
E162 2
E163 3
E164 2
E165 1
E166 2
E168 6
E16A 2
E16C 2
E16D 2
E16E 3
E16F 6
E173 20
E174 7
E178 3
E179 3
E17A 1
E17F 20
E180 8
E181 10
E182 2
E183 4
E184 8
E186 2
E188 1
E18B 2
E18D 2
E18E 4
E18F 4
E190 4
E191 2
E194 2
E195 4
E196 3
E198 2
E199 2
E19A 2
E19B 12
E19C 6
E19F 2
E1A0 80
E1A2 3
E1A3 2
E1A4 2
E1A7 13
E1A8 7
E1AC 7
E1B0 22
E1B2 2
E1B3 16
E1B4 10
E1B9 2
E1BA 2
E1BD 2
E1BE 4
E1BF 6
E1C0 2
E1C1 12
E1C3 11
E1C5 2
E1C7 3
E1C8 2
E1C9 2
E1CA 3
E1CC 4
E1CD 2
E1CE 4
E1CF 1
E1D0 8
E1D1 12
E1D3 2
E1D4 2
E1D5 2
E1D6 10
E1D7 6
E1D8 16
E1DA 2
E1DB 8
E1DC 2
E1DD 6
E1E1 4
E1E2 2
E1E3 2
E1E4 2
E1E8 5
E1E9 2
E1EA 4
E1EB 2
E1EC 9
E1EE 9
E1EF 6
E1F0 2
E1F2 3
E1F3 3
E1F4 2
E1F5 2
E1F9 2
E1FA 3
E1FC 4
E1FD 2
E1FE 2
E1FF 2
E200 2
E201 2
E202 2
E203 2
E204 4
E205 15
E206 7
E207 3
E208 19
E20B 3
E20C 1
E20E 11
E20F 3
E210 17
E212 2
E214 10
E216 3
E217 2
E219 2
E21A 3
E21B 2
E21C 4
E21E 3
E220 4
E221 2
E222 5
E224 9
E225 3
E226 2
E227 5
E228 3
E229 4
E22A 29
E22B 2
E22C 8
E22E 16
E22F 4
E231 11
E232 5
E233 5
E235 3
E236 8
E237 2
E238 2
E239 3
E23C 2
E23F 16
E241 3
E242 2
E243 10
E246 2
E248 13
E24A 3
E24B 7
E24C 3
E24F 3
E252 5
E254 2
E255 4
E257 2
E258 1
E25A 2
E25E 3
E260 2
E261 12
E262 7
E264 2
E265 12
E266 2
E267 2
E268 4
E269 2
E26A 4
E26C 2
E26D 2
E26E 2
E26F 2
E270 2
E272 2
E273 5
E274 4
E275 18
E276 4
E277 4
E278 9
E279 2
E27A 7
E27B 5
E27C 2
E27D 2
E27E 2
E27F 2
E280 2
E282 2
E283 7
E284 1845	Åy
E285 1845	Åz
E286 5589	(àÍ)
E287 4976	(ìÒ)
E288 837
E289 178
E28A 58
E28B 18
E28D 32151	(1)
E28E 30839	(2)
E28F 8510	(3)
E290 2972	(4)
E291 1245	(5)
E292 579
E293 305
E294 160
E295 77
E296 48
E297 20
E298 12
E299 7
E29A 3
E29B 3
E29C 38704	a
E29D 70363	a
E29E 58596	a
E29F 94227	a
E2A0 18497	e
E2A1 51086	e
E2A2 21199	e
E2A3 48515	e
E2A4 18827	i
E2A5 39742	i
E2A6 22984	i
E2A7 53464	i
E2A8 6212	o
E2A9 26960	o
E2AA 18519	o
E2AB 27213	o
E2AC 4520	r
E2AD 4161	r
E2AE 2045	r
E2AF 7626	r
E2B0 15066	u
E2B1 31908	u
E2B2 24046	u
E2B3 52143	u
E2B4 1916	z
E2B5 737
E2B6 2003	z
E2B7 2550	z
E2BA 2
E2BB 6
E2BD 2
E2BE 5
E2BF 2
E2C0 2
E2C1 4
E2C2 2
E2C3 2
E2C4 2
E2C6 10
E2C9 2
E2CB 2
E2CE 4
E2D1 4
E2D2 6
E2D3 2
E2D5 3
E2D6 7
E2D7 2
E2D8 2
E2DE 14
E2DF 2
E2E0 2
E2E2 2
E2E3 2
E2E5 6604	(ñº)
E2E6 4616	(ìÆ)
E2E7 2588	(å`)
E2E8 947	(ïõ)
E2E9 157	(èï)
E2EA 54	(âÓ)
E2EB 64	(íQ)
E2EC 84	(òA)
E2F2 99	(ë„)
E2F3 4
E2F4 4
E2F5 2
E2F6 2
E2F7 2
E2F8 5
E2F9 2
E2FA 2
E2FD 2
E2FF 23
E300 3
E303 2
E304 2
E305 3
E306 22
E308 2
E309 13
E30A 2
E30C 4
E30D 2
E30E 4
E30F 2
E310 2
E311 2
E312 2
E313 6
E315 2
E319 2
E31F 15
E321 56
E322 5
E326 3
E327 2
E328 2
E32A 3
E32B 14
E32C 2
E32D 14
E32F 2
E331 5
E332 2
E333 2
E336 3
E338 10
E33B 2
E33C 2
E33D 7
E33E 4
E340 2
E341 10
E344 1
E345 7
E347 1
E349 3
E34A 16
E34B 16
E34C 15
E34D 14
E34E 13
E34F 10
E350 14
E351 15
E352 1
E355 3
E356 2
E358 42
E359 8
E35A 3
E35D 8
E35E 11
E35F 3
E360 1
E362 26
E368 6
E36A 4
E36B 4
E36C 9
E36D 4
E36E 6
E373 16
E377 4
E378 1
E379 9
E37A 5
E37B 5
E37C 5
E37D 2
E37E 20
E380 3
E382 34
E383 5
E384 2
E386 4
E387 4
E388 7
E389 5
E38B 5
E38C 2
E38D 6
E38E 1
E398 2
E39B 6
E3A6 7
E3A9 1
E3AB 1
E3AC 1
E3AD 1
E3B7 2
E3BC 5
E3BF 3
E3C0 12
E3C1 2
E3C2 18
E3C3 3
E3C4 2
E3C5 7
E3C8 4
E3C9 2
E3CC 10
E3CE 7
E3D0 3
E3D1 3
E3D4 2
E3D5 22
E3D7 2
E3D8 8
E3D9 6
E3DC 2
E3DE 1
E3DF 4
E3E0 2
E3E1 3
E3E2 17
E3E3 2
E3E4 2
E3E5 5
E3E6 3
E3E8 2
E3E9 3
E3EB 1
E3EE 7
E3EF 2
E3F1 5
E3F2 12
E3F3 4
E3F4 4
E3F7 2
E3F8 3
E3F9 2
E3FB 4
E3FE 4
E401 5
E403 3
E404 8
E406 2
E409 5
E40A 3
E40C 2
E40F 4
E410 2
E411 2
E412 2
E413 2
E414 2
E415 8
E416 3
E41B 3
E41C 3
E41D 8
E41E 5
E420 3
E421 3
E422 1
E423 3
E425 2
E426 2
E430 14
E433 7
E434 2
E437 1
E438 7
E439 2
E43B 3
E43C 5
E43D 6
E43E 2
E43F 3
E440 3
E441 9
E443 5
E446 25
E448 3
E449 3
E44D 4
E451 13
E453 10
E457 17
E458 1
E45B 12
E45F 3
E460 4
E462 6
E463 2
E464 6
E466 4
E468 5
E46A 135
E46D 3
E472 7
E473 2
E474 3
E475 9
E476 9
E477 4
E479 4
E47B 4
E47C 50
E47E 9
E482 2
E484 9
E485 31
E486 6
E488 2
E489 105
E48A 2
E48E 4
E493 2
E495 4
E499 1
E49B 1
E49C 3
E49E 2
E4A2 1
E4A3 155
E4A4 4
E4A5 14
E4A8 2
E4A9 1
E4AA 14
E4AB 1
E4AC 1
E4B0 1
E4B2 21
E4B3 1
E4B7 1
E4B8 4
E4B9 1
E4BC 2
E4BD 5
E4BE 30
E4BF 6
E4C0 6
E4C1 3
E4C2 6
E4C3 3
E4C4 5
E4CC 12
E4CD 4
E4CE 8
E4CF 7
E4D0 5
E4D2 2
E4D3 8
E4D4 1
E4D5 10
E4D7 4
E4DA 2
E4DB 6
E4DC 4
E4DD 1
E4E0 4
E4E1 1
E4E2 18
E4E3 21
E4E4 2
E4E6 1
E4E7 16
E4EB 6
E4EC 2
E4EE 2
E4F0 3
E4F1 2
E4F4 3
E4F5 27
E4F7 8
E4F8 2
E4F9 5
E4FA 64
E4FB 1
E4FE 4
E4FF 3
E500 8
E501 11
E503 2
E505 5
E506 13
E508 3
E50B 2
E50D 15
E50F 6
E510 1
E511 11
E512 2
E514 2
E516 1
E519 2
E51A 2
E51B 2
E51C 4
E51D 2
E51E 2
E51F 3
E522 4
E523 2
E525 8
E527 8
E52A 2
E52C 1
E52D 15
E52E 7
E52F 2
E530 2
E531 4
E532 2
E534 2
E535 3
E536 7
E537 5
E538 2
E539 7
E53A 28
E53B 4
E53C 3
E53D 2
E53E 3
E53F 2
E542 3
E543 7
E544 5
E547 2
E54A 2
E54B 7
E54C 2
E54E 4
E54F 14
E550 2
E551 7
E552 6
E553 2
E554 1
E555 4
E556 2
E558 2
E559 2
E55A 2
E55B 2
E55D 2
E55E 3
E55F 2
E560 4
E561 2
E562 2
E563 6
E564 2
E566 9
E568 3
E56B 2
E56D 5
E56E 2
E56F 2
E570 2
E573 4
E575 4
E576 2
E577 24
E578 13
E579 1
E57B 1
E57C 4
E57F 1
E580 2
E581 4
E584 2
E586 2
E58A 7
E58C 2
E58D 7
E58E 9
E58F 3
E590 4
E591 2
E593 3
E594 2
E596 2
E597 2
E59A 5
E59B 2
E59C 2
E59D 2
E59E 2
E59F 2
E5A0 21
E5A6 4
E5A7 2
E5A9 3
E5AA 9
E5AB 10
E5AC 14
E5AD 11
E5B1 4
E5B2 2
E5B4 3
E5B5 3
E5B7 2
E5B8 2
E5BA 4
E5BB 2
E5BC 4
E5BE 4
E5C0 3
E5C1 4
E5C2 2
E5C3 2
E5C4 4
E5C5 2
E5C6 4
E5C7 5
E5C8 5
E5C9 2
E5CA 3
E5CF 3
E5D0 7
E5D1 4
E5D3 7
E5D4 2
E5D5 4
E5D7 1
E5DA 4
E5DB 5
E5DC 4
E5DD 5
E5DE 3
E5DF 2
E5E2 2
E5E5 3
E5E6 2
E5E7 2
E5E8 13
E5E9 2
E5EA 2
E5ED 5
E5F0 8
E5F2 5
E5F3 4
E5F5 2
E5F6 2
E5F7 3
E5F8 2
E5F9 2
E5FA 2
E5FE 4
E5FF 8
E600 3
E601 4
E603 4
E604 4
E605 3
E607 2
E608 4
E609 1
E60A 5
E60B 5
E60C 2
E60D 7
E610 2
E612 3
E614 12
E615 4
E617 2
E618 3
E619 1
E61A 2
E61B 2
E61D 2
E61F 2
E621 2
E622 3
E623 3
E624 2
E625 2
E626 3
E627 2
E629 2
E62B 2
E62C 2
E62D 2
E62E 4
E62F 2
E631 2
E634 4
E636 2
E637 2
E639 4
E63A 2
E63B 2
E63C 3
E63D 2
E63E 17
E641 2
E642 2
E643 2
E644 2
E645 2
E646 2
E647 2
E648 4
E649 3
E64B 2
E64D 4
E64E 5
E64F 2
E651 2
E652 6
E653 4
E654 3
E655 2
E658 6
E65A 4
E65E 2
E65F 3
E660 15
E661 2
E662 6
E665 2
E667 2
E669 4
E66D 2
E66E 2
E66F 6
E670 2
E671 2
E672 3
E676 2
E678 2
E679 2
E67B 2
E67C 2
E67D 2
E67E 2
E67F 2
E680 2
E681 2
E683 2
E684 2
E685 7
E687 2
E688 3
E689 2
E68C 3
E68D 2
E690 10
E694 2
E695 2
E696 5
E697 7
E698 2
E699 2
E69C 4
E69E 2
E69F 1
E6A0 3
E6A1 5
E6A2 4
E6A4 3
E6A8 2
E6A9 2
E6AA 2
E6AB 4
E6AC 2
E6AE 2
E6AF 4
E6B1 2
E6B2 2
E6B3 2
E6B4 8
E6B7 9
E6B8 6
E6BC 12
E6BD 2
E6BE 2
E6BF 3
E6C0 4
E6C2 3
E6C3 5
E6C5 5
E6C6 4
E6C7 20
E6C8 3
E6CC 2
E6CD 2
E6CE 2
E6CF 17
E6D0 3
E6D1 1
E6D2 4
E6D5 2
E6D6 11
E6D8 2
E6D9 2
E6DA 2
E6DE 9
E6DF 3
E6E1 2
E6E2 5
E6E7 2
E6E9 9
E6EC 3
E6EE 2
E6EF 5
E6F1 2
E6F2 3
E6F3 2
E6F5 2
E6F6 2
E6F7 4
E6F8 2
E6FA 2
E6FB 4
E6FD 2
E6FF 10
E701 5
E703 2
E705 11
E706 4
E707 8
E708 2
E709 5
E70A 4
E70B 5
E70C 5
E70D 6
E70E 3
E710 2
E711 2
E712 2
E713 4
E715 8
E716 2
E717 2
E718 2
E719 2
E71C 4
E71F 2
E720 3
E721 3
E722 17
E723 3
E724 2
E725 2
E726 2
E727 3
E72A 4
E72C 2
E72D 2
E72E 2
E730 2
E731 3
E732 2
E733 3
E734 2
E736 4
E738 8
E73A 3
E73B 10
E73D 2
E73F 2
E741 4
E743 2
E744 2
E745 2
E746 2
E748 5
E749 4
E74B 8
E74C 2
E74D 2
E74F 2
E750 11
E751 2
E752 2
E753 4
E756 7
E758 4
E75A 12
E75B 9
E762 3
E763 8
E764 5
E768 2
E769 2
E76A 4
E76C 2
E76D 1
E76F 7
E770 3
E771 2
E772 2
E775 2
E777 4
E778 4
E779 2
E77B 2
E77C 2
E77F 5
E786 4
E788 6
E789 2
E78C 2
E78D 2
E78E 7
E78F 1
E790 2
E791 4
E792 4
E793 2
E795 2
E798 3
E799 5
E79A 2
E79B 7
E79C 10
E7A0 2
E7A1 2
E7A2 2
E7A6 4
E7A7 2
E7A9 6
E7AB 4
E7AD 2
E7AF 3
E7B0 8
E7B1 3
E7B2 2
E7B3 3
E7B5 2
E7B6 2
E7B7 3
E7B8 2
E7B9 4
E7BB 2
E7BC 2
E7BD 10
E7BE 2
E7C0 11
E7C1 6
E7C2 5
E7C3 7
E7C4 5
E7C7 14
E7C8 2
E7CB 2
E7CC 3
E7CD 2
E7CE 2
E7D0 3
E7D2 2
E7D3 4
E7D4 2
E7D5 3
E7D7 2
E7D8 2
E7DA 3
E7DB 2
E7DD 6
E7DF 3
E7E1 2
E7E3 2
E7E4 4
E7E6 2
E7E7 2
E7E8 5
E7E9 2
E7EA 2
E7EB 2
E7EC 6
E7EE 5
E7EF 6
E7F0 4
E7F1 2
E7F3 9
E7F4 4
E7F6 4
E7F8 2
E7F9 6
E7FA 8
E7FB 2
E7FE 2
E7FF 14
E800 5
E801 2
E803 4
E809 2
E80A 5
E80C 6
E80E 10
E80F 4
E811 2
E813 2
E814 14
E815 9
E817 5
E818 2
E819 5
E81A 3
E81E 11
E820 1
E823 20
E824 5
E82A 10
E82B 6
E82E 14
E82F 2
E830 2
E831 2
E832 22
E833 3
E834 138
E835 6
E836 3
E837 4
E838 3
E839 3
E83A 5
E83C 4
E83D 4
E83E 9
E83F 5
E840 2
E841 9
E842 2
E843 3
E844 2
E845 2
E847 4
E848 3
E84A 2
E84B 2
E84D 2
E84E 2
E84F 4
E850 2
E851 4
E853 5
E854 12
E855 2
E856 2
E857 5
E858 2
E859 3
E85B 1
E85C 4
E85D 3
E85E 18
E85F 6
E860 2
E861 2
E863 2
E864 3
E865 5
E866 2
E867 3
E868 2
E86B 4
E86C 2
E86D 9
E86E 7
E86F 2
E870 2
E872 3
E873 2
E875 2
E876 2
E87A 2
E87C 3
E87D 2
E87E 2
E883 2
E884 2
E888 5
E889 2
E88A 6
E88B 2
E88D 2
E890 2
E892 9
E895 2
E896 2
E897 4
E898 4
E899 5
E89A 2
E89B 2
E89E 2
E8A1 2
E8A4 2
E8A5 5
E8A6 1
E8A8 8
E8A9 2
E8AA 2
E8AB 2
E8AC 4
E8AD 2
E8AE 9
E8AF 4
E8B1 5
E8B2 2
E8B3 1
E8B4 2
E8B6 4
E8B8 4
E8B9 2
E8BA 4
E8BB 4
E8BC 2
E8BE 2
E8BF 2
E8C1 3
E8C2 3
E8C5 5
E8C6 2
E8C8 2
E8CA 2
E8CC 4
E8CE 2
E8CF 6
E8D0 2
E8D1 9
E8D2 2
E8D3 2
E8D4 2
E8D5 2
E8D6 8
E8D7 4
E8D8 2
E8D9 6
E8DA 2
E8DB 8
E8DC 6
E8DD 2
E8DE 4
E8DF 8
E8E0 4
E8E1 4
E8E2 6
E8E3 4
E8E4 2
E8E5 6
E8E7 2
E8EA 2
E8EB 2
E8EC 4
E8ED 2
E8EE 4
E8EF 2
E8F3 2
E8F4 4
E8F6 2
E8F7 2
E8F8 4
E8F9 2
E8FD 2
E8FE 4
E900 3
E901 3
E902 7
E904 2
E906 19
E907 2
E908 5
E909 126	(éó)
E90A 126	(ôû)
E90B 5
E90C 7
E90F 1
E911 18
E914 2
E917 12	(í‘)
E918 9
E919 4
E91A 2
E91B 4
E91C 2
E91D 1
E91E 3
E920 1
E921 5
E923 2
E927 1
E928 4
E929 3
E92A 1
E92D 3
E92E 7
E92F 1
E932 1
E933 2
E935 1
E937 1
E938 1
E93B 5
E93C 3
E93E 1
E93F 3
E940 2
E941 11
E942 1
E943 1
E944 1
E945 3
E946 7
E947 8
E948 2
E949 6
E94A 1
E94B 6
E94C 1
E94D 2
E94E 1
E94F 2
E950 1
E951 1
E952 4
E953 1
E954 4
E955 2
E956 1
E957 2
E958 1
E959 1
E95B 1
E95C 3
E95D 4
E95E 1
E960 1
E961 1
E962 1
E963 1
E964 1
E965 2
E966 1
E967 1
E968 1
E969 4
E96A 1
E96B 1
E96C 4
E96D 11
E96E 3
E96F 1
E971 4
E972 1
E973 3
E975 2
E976 4
E977 4
E978 2
E97B 4
E97C 6
E97D 6
E97F 1
E981 4
E982 3
E983 1
E984 1
E985 1
E987 1
E988 1
E98A 1
E98C 3
E98D 1
E98E 3
E98F 3
E990 1
E991 1
E993 1
E997 1
E99B 1
E99C 2
E99D 1
E99E 1
E99F 1
E9A1 2
E9A5 3
E9A6 3
E9A7 1
E9A9 1
E9AB 2
E9AC 2
E9AE 2
E9AF 1
E9B0 1
E9B1 1
E9B3 1
E9B4 2
E9B6 5
E9B7 3
E9B8 1
E9B9 1
E9BA 1
E9BB 1
E9BC 2
E9BD 1
E9BE 1
E9C0 1
E9C1 1
E9C2 1
E9C4 1
E9C5 1
E9C6 1
E9C8 2
E9C9 3
E9CB 1
E9CC 6
E9CD 2
E9CE 1
E9CF 1
E9D0 2
E9D1 1
E9D2 3
E9D4 2
E9D5 1
E9D6 1
E9D7 1
E9D8 1
E9D9 2
E9DA 1
E9DB 1
E9DC 1
E9DD 1
E9DE 1
E9E0 2
E9E3 2
E9E4 3
E9E5 4
E9E6 8
E9E7 6
E9E8 2
E9E9 2
E9EA 5
E9EB 2
E9EC 6
E9ED 6
E9EE 2
E9EF 2
E9F0 2
E9F1 5
E9F2 2
E9F3 3
E9F4 2
E9F6 2
E9F7 3
E9F8 5
E9F9 4
E9FA 3
E9FB 2
E9FC 2
E9FE 2
E9FF 2
EA00 4
EA01 4
EA02 4
EA03 37
EA04 2
EA05 2
EA06 2
EA08 4
EA0A 4
EA0B 2
EA0C 4
EA0D 4
EA0E 2
EA0F 2
EA11 6
EA12 2
EA14 4
EA15 4
EA16 3
EA17 4
EA18 4
EA1A 9
EA1D 6
EA1E 3
EA1F 2
EA20 4
EA21 4
EA22 3
EA24 4
EA25 2
EA26 6
EA27 3
EA2A 2
EA2B 4
EA2D 2
EA30 2
EA31 2
EA32 3
EA33 2
EA35 2
EA36 2
EA37 5
EA38 6
EA39 3
EA3A 2
EA3B 25
EA3C 2
EA3F 2
EA40 2
EA41 4
EA42 2
EA43 2
EA44 2
EA46 3
EA47 2
EA48 2
EA49 2
EA4A 2
EA4B 2
EA4C 2
EA4D 2
EA4E 8
EA4F 6
EA51 2
EA52 10
EA53 3
EA55 3
EA57 1
EA58 1
EA5A 1
EA5B 1
EA5D 1
EA5E 1
EA5F 1
EA61 1
EA62 2
EA63 1
EA64 1
EA65 1
EA66 1
EA67 5
EA68 1
EA69 2
EA6A 1
EA6B 2
EA6C 1
EA6D 2
EA6E 1
EA6F 1
EA70 1
EA71 1
EA73 2
EA74 1
EA77 1
EA78 1
EA7E 1
EA7F 1
EA80 1
EA81 1
EA85 1
EA86 1
EA87 3
EA88 1
EA89 2
EA8A 2
EA8B 2
EA8E 8
EA8F 2
EA90 2
EA92 1
EA93 2
EA94 2
EA96 2
EA97 1
EA98 1
EA99 1
EA9A 1
EA9B 30
EAA0 8
EAA1 1
EAA3 1
EAA5 1
EAA6 1
EAA8 1
EAA9 2
EAAA 1
EAAB 1
EAAC 2
EAAD 1
EAAE 1
EAAF 2
EAB0 3
EAB1 2
EAB3 1
EAB4 1
EAB5 1
EAB6 2
EAB7 1
EAB8 1
EAB9 3
EABA 1
EABB 1
EABC 1
EABE 1
EAC0 1
EAC1 1
EAC2 1
EAC4 1
EAC5 1
EAC6 1
EAC8 1
EAC9 1
EACA 1
EACB 3
EACC 7
EACD 1
EACF 1
EAD0 1
EAD2 1
EAD3 1
EAD4 2
EAD5 2
EAD6 1
EAD7 1
EADA 2
EADB 4
EADC 1
EADD 1
EADE 1
EADF 1
EAE0 1
EAE1 2
EAE2 1
EAE3 1
EAE4 1
EAE5 1
EAE6 1
EAE7 1
EAE8 1
EAE9 2
EAEA 1
EAEB 2
EAEC 2
EAED 1
EAF0 1
EAF2 1
EAF4 1
EAF5 1
EAF6 2
EAF7 1
EAFA 1
EAFB 1
EAFE 2
EB00 2
EB01 2
EB02 2
EB04 1
EB06 1
EB07 2
EB08 1
EB09 1
EB0A 2
EB0B 2
EB0C 1
EB0D 1
EB0E 1
EB10 2
EB11 3
EB12 1
EB13 2
EB15 1
EB16 1
EB17 1
EB18 1
EB1A 2
EB1B 0	(ó·)
EB1D 1
EB1E 2
EB1F 1
EB7C 2
EC1F 1036	a
EC20 1503	e
EC21 2716	i
EC22 654
EC23 446
EC2E 4
F6E0 12
F6E4 159
F6E6 180
FA0C 10
FE4F 6
FE51 72
FF0D 49
FF5E 1940	Å`
FFE1 1
